[2024-07-16 17:13:40,924][SUPER][INFO] - Starting SUPER Datloading Service
[2024-07-16 17:13:45,720][SUPER][INFO] - Dataset Confirmed. Data Dir: s3://sdl-cifar10/train/, Total Files: 50000, Total Batches: 391,Total Partitions: 10
[2024-07-16 17:13:45,721][SUPER][INFO] - Running in simualtion mode
[2024-07-16 17:13:45,723][SUPER][INFO] - Data loading workers started
[2024-07-16 17:13:45,757][SUPER][INFO] - Batch monitoring started
[2024-07-16 17:13:45,801][SUPER][INFO] - Server started. Listening on port 50051...
[2024-07-16 17:14:50,992][SUPER][INFO] - Starting SUPER Datloading Service
[2024-07-16 17:14:51,703][SUPER][INFO] - Dataset Confirmed. Data Dir: s3://sdl-cifar10/train/, Total Files: 50000, Total Batches: 391,Total Partitions: 10
[2024-07-16 17:14:51,704][SUPER][INFO] - Running in simualtion mode
[2024-07-16 17:14:51,706][SUPER][INFO] - Data loading workers started
[2024-07-16 17:14:51,709][SUPER][INFO] - Batch monitoring started
[2024-07-16 17:14:52,854][SUPER][INFO] - Cached Batch_Id: 1_1_1_6432794cc0dcc31ae4cac1ac0dcb98c3ea9d12ba, Request Duration: 0.010s
[2024-07-16 17:14:57,621][SUPER][INFO] - Server started. Listening on port 50051...
[2024-07-16 17:16:20,272][SUPER][INFO] - Starting SUPER Datloading Service
[2024-07-16 17:16:22,030][SUPER][INFO] - Dataset Confirmed. Data Dir: s3://sdl-cifar10/train/, Total Files: 50000, Total Batches: 391,Total Partitions: 10
[2024-07-16 17:16:22,031][SUPER][INFO] - Running in simualtion mode
[2024-07-16 17:16:22,033][SUPER][INFO] - Data loading workers started
[2024-07-16 17:16:22,035][SUPER][INFO] - Batch monitoring started
[2024-07-16 17:16:23,846][SUPER][INFO] - Cached Batch_Id: 1_1_1_6432794cc0dcc31ae4cac1ac0dcb98c3ea9d12ba, Request Duration: 0.011s
[2024-07-16 17:16:24,801][SUPER][INFO] - Server started. Listening on port 50051...
[2024-07-16 17:16:27,567][SUPER][INFO] - Cached Batch_Id: 1_1_2_e8a8495b1c2495baca1cbdd7b0d3f69a61fa8691, Request Duration: 0.013s
[2024-07-16 17:16:32,692][SUPER][INFO] - Cached Batch_Id: 1_1_3_82b8739b62aa666e7fab682e01e5713a7a858f3a, Request Duration: 0.010s
[2024-07-16 17:16:32,703][SUPER][INFO] - Cached Batch_Id: 1_1_4_d079ffd63fdd3e2d0dd3ce7f100f8639cf8455b4, Request Duration: 0.010s
[2024-07-16 17:16:32,714][SUPER][INFO] - Cached Batch_Id: 1_1_5_43c5bf177f6de3012f4ac50e8fb14472d11bd179, Request Duration: 0.010s
[2024-07-16 17:16:32,725][SUPER][INFO] - Cached Batch_Id: 1_1_6_5376e58050ed8e6b4f911b8d671bf1a9a2a62367, Request Duration: 0.010s
[2024-07-16 17:16:32,736][SUPER][INFO] - Cached Batch_Id: 1_1_7_959395f39c5fdb3cdd08d313de5631a2ea28b3eb, Request Duration: 0.010s
[2024-07-16 17:16:32,747][SUPER][INFO] - Cached Batch_Id: 1_1_8_085dc439bbb9849fe9fbcf4be4a61f2b40725652, Request Duration: 0.010s
[2024-07-16 17:16:32,758][SUPER][INFO] - Cached Batch_Id: 1_1_9_0dde2ee37b09da3aa0065d6d048e160a7e52b999, Request Duration: 0.010s
[2024-07-16 17:16:32,769][SUPER][INFO] - Cached Batch_Id: 1_1_10_557a2f83c8b832bba77e0c8bcfb43f0a030553d5, Request Duration: 0.010s
[2024-07-16 17:16:32,780][SUPER][INFO] - Cached Batch_Id: 1_1_11_386bdb2743ec9f3d55cdbe6a6a0c362ec352ce7e, Request Duration: 0.010s
[2024-07-16 17:16:32,790][SUPER][INFO] - Cached Batch_Id: 1_1_12_46a748576d1d791de9ce7bd749f09573dbcd25e2, Request Duration: 0.010s
[2024-07-16 17:16:32,801][SUPER][INFO] - Cached Batch_Id: 1_1_13_a0d36a48763f5fe918799012a5bedb69d276f9b6, Request Duration: 0.010s
[2024-07-16 17:16:32,812][SUPER][INFO] - Cached Batch_Id: 1_1_14_b4f1d25363dadc0616c3c40a3b8e822902a18b4b, Request Duration: 0.010s
[2024-07-16 17:16:32,823][SUPER][INFO] - Cached Batch_Id: 1_1_15_2861e7fefd38afa4cb9484244ff922f219fc8bdc, Request Duration: 0.010s
[2024-07-16 17:16:32,834][SUPER][INFO] - Cached Batch_Id: 1_1_16_0af398e74b3953cc4fc7818b90094bb83a30f217, Request Duration: 0.010s
[2024-07-16 17:16:32,845][SUPER][INFO] - Cached Batch_Id: 1_1_17_b36450aec86c9218d5838fcb78248e19f5d05b67, Request Duration: 0.010s
[2024-07-16 17:16:32,856][SUPER][INFO] - Cached Batch_Id: 1_1_18_a1d2d892eed9319292f6dae281f7db93f0db4995, Request Duration: 0.010s
[2024-07-16 17:16:32,867][SUPER][INFO] - Cached Batch_Id: 1_1_19_f6535df87bc79c3b2abccb16561b664829a0ffa5, Request Duration: 0.010s
[2024-07-16 17:16:32,878][SUPER][INFO] - Cached Batch_Id: 1_1_20_acba360730a3607943a7100c35528c205082225d, Request Duration: 0.010s
[2024-07-16 17:16:32,888][SUPER][INFO] - Cached Batch_Id: 1_1_21_0c655b8f4b0292f3c7a17607e75a0498b5973393, Request Duration: 0.010s
[2024-07-16 17:16:32,900][SUPER][INFO] - Cached Batch_Id: 1_1_22_f773f840086c8dd4c5d8deee2cac05f1815eb37c, Request Duration: 0.010s
[2024-07-16 17:16:32,911][SUPER][INFO] - Cached Batch_Id: 1_1_23_dafc7ad6c023fb6b0b5e6c2cabf891d885463092, Request Duration: 0.010s
[2024-07-16 17:16:32,922][SUPER][INFO] - Cached Batch_Id: 1_1_24_45f8cdf9bf0f21eea0bee66edfb7e7c21b8615d0, Request Duration: 0.010s
[2024-07-16 17:16:32,933][SUPER][INFO] - Cached Batch_Id: 1_1_25_262c308ab89b839ad36363bfa3c81ac547bbadd5, Request Duration: 0.010s
[2024-07-16 17:16:32,944][SUPER][INFO] - Cached Batch_Id: 1_1_26_915385164365cc893a2b537fc7c30b7152d8d218, Request Duration: 0.010s
[2024-07-16 17:16:32,955][SUPER][INFO] - Cached Batch_Id: 1_1_27_439add76f7ee165143ba7919d877941dc2f18afe, Request Duration: 0.010s
[2024-07-16 17:16:32,966][SUPER][INFO] - Cached Batch_Id: 1_1_28_b892218e736c78a5b0e7eb945f41d390b6fecc34, Request Duration: 0.010s
[2024-07-16 17:16:32,977][SUPER][INFO] - Cached Batch_Id: 1_1_29_e05bea048ee6696a893a34a694e0c8eb64854149, Request Duration: 0.010s
[2024-07-16 17:16:32,987][SUPER][INFO] - Cached Batch_Id: 1_1_30_d9779c175ee765294c8ea18e3abed6d9bbcb34c2, Request Duration: 0.010s
[2024-07-16 17:16:32,998][SUPER][INFO] - Cached Batch_Id: 1_1_31_86bac10cb14f8e9a706e0696328d1f81f93ea5d6, Request Duration: 0.010s
[2024-07-16 17:16:33,009][SUPER][INFO] - Cached Batch_Id: 1_1_32_c3ee18057d76460fa5f6aa7672c06eb47e901e7c, Request Duration: 0.010s
[2024-07-16 17:16:33,020][SUPER][INFO] - Cached Batch_Id: 1_1_33_74a76bf69d903b0150ffbf0a7ec69d92e559c6ea, Request Duration: 0.010s
[2024-07-16 17:16:33,031][SUPER][INFO] - Cached Batch_Id: 1_1_34_32beff7e9dbf29de4c0fd18f469febbc434ba583, Request Duration: 0.010s
[2024-07-16 17:16:33,042][SUPER][INFO] - Cached Batch_Id: 1_1_35_0608447ce9250254dca364e6d1f039f9b5800aad, Request Duration: 0.010s
[2024-07-16 17:16:33,053][SUPER][INFO] - Cached Batch_Id: 1_1_36_73e40eb99185b231e210476d02a8a44c5a80b8d0, Request Duration: 0.010s
[2024-07-16 17:16:33,064][SUPER][INFO] - Cached Batch_Id: 1_1_37_e438197e09509bcd897336413dde4c60f1ec5d3b, Request Duration: 0.010s
[2024-07-16 17:16:33,075][SUPER][INFO] - Cached Batch_Id: 1_1_38_3e9a153263c538c3daf7e17eddbc8a2531f25715, Request Duration: 0.010s
[2024-07-16 17:16:33,087][SUPER][INFO] - Cached Batch_Id: 1_1_39_ce0c3c1ac5fc230be7a8027b55f9edfca427455f, Request Duration: 0.010s
[2024-07-16 17:16:33,098][SUPER][INFO] - Cached Batch_Id: 1_1_40_09baa14c5591f809b9ae930bda1f42f881e3a20a, Request Duration: 0.010s
[2024-07-16 17:16:33,109][SUPER][INFO] - Cached Batch_Id: 1_2_1_6432794cc0dcc31ae4cac1ac0dcb98c3ea9d12ba, Request Duration: 0.010s
[2024-07-16 17:16:33,120][SUPER][INFO] - Cached Batch_Id: 1_2_2_e8a8495b1c2495baca1cbdd7b0d3f69a61fa8691, Request Duration: 0.010s
[2024-07-16 17:16:33,131][SUPER][INFO] - Cached Batch_Id: 1_2_3_82b8739b62aa666e7fab682e01e5713a7a858f3a, Request Duration: 0.010s
[2024-07-16 17:16:33,142][SUPER][INFO] - Cached Batch_Id: 1_2_4_d079ffd63fdd3e2d0dd3ce7f100f8639cf8455b4, Request Duration: 0.010s
[2024-07-16 17:16:33,153][SUPER][INFO] - Cached Batch_Id: 1_2_5_43c5bf177f6de3012f4ac50e8fb14472d11bd179, Request Duration: 0.010s
[2024-07-16 17:16:33,164][SUPER][INFO] - Cached Batch_Id: 1_2_6_5376e58050ed8e6b4f911b8d671bf1a9a2a62367, Request Duration: 0.010s
[2024-07-16 17:16:33,175][SUPER][INFO] - Cached Batch_Id: 1_2_7_959395f39c5fdb3cdd08d313de5631a2ea28b3eb, Request Duration: 0.010s
[2024-07-16 17:16:33,186][SUPER][INFO] - Cached Batch_Id: 1_2_8_085dc439bbb9849fe9fbcf4be4a61f2b40725652, Request Duration: 0.010s
[2024-07-16 17:16:33,197][SUPER][INFO] - Cached Batch_Id: 1_2_9_0dde2ee37b09da3aa0065d6d048e160a7e52b999, Request Duration: 0.010s
[2024-07-16 17:16:33,208][SUPER][INFO] - Cached Batch_Id: 1_2_10_557a2f83c8b832bba77e0c8bcfb43f0a030553d5, Request Duration: 0.010s
[2024-07-16 17:16:52,707][SUPER][INFO] - Cached Batch_Id: 1_2_1_6432794cc0dcc31ae4cac1ac0dcb98c3ea9d12ba, Request Duration: 0.010s
[2024-07-16 17:16:52,719][SUPER][INFO] - Cached Batch_Id: 1_2_2_e8a8495b1c2495baca1cbdd7b0d3f69a61fa8691, Request Duration: 0.010s
[2024-07-16 17:16:52,731][SUPER][INFO] - Cached Batch_Id: 1_2_3_82b8739b62aa666e7fab682e01e5713a7a858f3a, Request Duration: 0.010s
[2024-07-16 17:16:52,742][SUPER][INFO] - Cached Batch_Id: 1_2_4_d079ffd63fdd3e2d0dd3ce7f100f8639cf8455b4, Request Duration: 0.010s
[2024-07-16 17:16:52,753][SUPER][INFO] - Cached Batch_Id: 1_2_5_43c5bf177f6de3012f4ac50e8fb14472d11bd179, Request Duration: 0.010s
[2024-07-16 17:16:52,764][SUPER][INFO] - Cached Batch_Id: 1_2_6_5376e58050ed8e6b4f911b8d671bf1a9a2a62367, Request Duration: 0.010s
[2024-07-16 17:16:52,776][SUPER][INFO] - Cached Batch_Id: 1_2_7_959395f39c5fdb3cdd08d313de5631a2ea28b3eb, Request Duration: 0.010s
[2024-07-16 17:16:52,787][SUPER][INFO] - Cached Batch_Id: 1_2_8_085dc439bbb9849fe9fbcf4be4a61f2b40725652, Request Duration: 0.010s
[2024-07-16 17:16:52,798][SUPER][INFO] - Cached Batch_Id: 1_2_9_0dde2ee37b09da3aa0065d6d048e160a7e52b999, Request Duration: 0.010s
[2024-07-16 17:16:52,809][SUPER][INFO] - Cached Batch_Id: 1_2_10_557a2f83c8b832bba77e0c8bcfb43f0a030553d5, Request Duration: 0.010s
[2024-07-16 17:34:45,542][SUPER][INFO] - Starting SUPER Datloading Service
[2024-07-16 17:34:46,638][SUPER][INFO] - Dataset Confirmed. Data Dir: s3://sdl-cifar10/train/, Total Files: 50000, Total Batches: 391,Total Partitions: 10
[2024-07-16 17:34:46,639][SUPER][INFO] - Running in simualtion mode
[2024-07-16 17:34:46,642][SUPER][INFO] - Data loading workers started
[2024-07-16 17:34:46,700][SUPER][INFO] - Batch monitoring started
[2024-07-16 17:34:46,711][SUPER][INFO] - Invoked lambda function for batch 1_1_1_6432794cc0dcc31ae4cac1ac0dcb98c3ea9d12ba, Mode: prefetch, Duration: 0.011s
[2024-07-16 17:34:46,723][SUPER][INFO] - Server started. Listening on port 50051...
[2024-07-16 17:34:46,725][SUPER][INFO] - Invoked lambda function for batch 1_1_2_e8a8495b1c2495baca1cbdd7b0d3f69a61fa8691, Mode: prefetch, Duration: 0.010s
[2024-07-16 17:34:46,735][SUPER][INFO] - Invoked lambda function for batch 1_1_3_82b8739b62aa666e7fab682e01e5713a7a858f3a, Mode: prefetch, Duration: 0.010s
[2024-07-16 17:34:46,746][SUPER][INFO] - Invoked lambda function for batch 1_1_4_d079ffd63fdd3e2d0dd3ce7f100f8639cf8455b4, Mode: prefetch, Duration: 0.010s
[2024-07-16 17:34:46,757][SUPER][INFO] - Invoked lambda function for batch 1_1_5_43c5bf177f6de3012f4ac50e8fb14472d11bd179, Mode: prefetch, Duration: 0.010s
[2024-07-16 17:34:46,768][SUPER][INFO] - Invoked lambda function for batch 1_1_6_5376e58050ed8e6b4f911b8d671bf1a9a2a62367, Mode: prefetch, Duration: 0.010s
[2024-07-16 17:34:46,779][SUPER][INFO] - Invoked lambda function for batch 1_1_7_959395f39c5fdb3cdd08d313de5631a2ea28b3eb, Mode: prefetch, Duration: 0.010s
[2024-07-16 17:34:46,790][SUPER][INFO] - Invoked lambda function for batch 1_1_8_085dc439bbb9849fe9fbcf4be4a61f2b40725652, Mode: prefetch, Duration: 0.010s
[2024-07-16 17:34:46,801][SUPER][INFO] - Invoked lambda function for batch 1_1_9_0dde2ee37b09da3aa0065d6d048e160a7e52b999, Mode: prefetch, Duration: 0.010s
[2024-07-16 17:34:46,812][SUPER][INFO] - Invoked lambda function for batch 1_1_10_557a2f83c8b832bba77e0c8bcfb43f0a030553d5, Mode: prefetch, Duration: 0.010s
[2024-07-16 17:34:46,823][SUPER][INFO] - Invoked lambda function for batch 1_1_11_386bdb2743ec9f3d55cdbe6a6a0c362ec352ce7e, Mode: prefetch, Duration: 0.010s
[2024-07-16 17:34:46,834][SUPER][INFO] - Invoked lambda function for batch 1_1_12_46a748576d1d791de9ce7bd749f09573dbcd25e2, Mode: prefetch, Duration: 0.010s
[2024-07-16 17:34:46,845][SUPER][INFO] - Invoked lambda function for batch 1_1_13_a0d36a48763f5fe918799012a5bedb69d276f9b6, Mode: prefetch, Duration: 0.010s
[2024-07-16 17:34:46,856][SUPER][INFO] - Invoked lambda function for batch 1_1_14_b4f1d25363dadc0616c3c40a3b8e822902a18b4b, Mode: prefetch, Duration: 0.010s
[2024-07-16 17:34:46,867][SUPER][INFO] - Invoked lambda function for batch 1_1_15_2861e7fefd38afa4cb9484244ff922f219fc8bdc, Mode: prefetch, Duration: 0.010s
[2024-07-16 17:34:46,878][SUPER][INFO] - Invoked lambda function for batch 1_1_16_0af398e74b3953cc4fc7818b90094bb83a30f217, Mode: prefetch, Duration: 0.010s
[2024-07-16 17:34:46,889][SUPER][INFO] - Invoked lambda function for batch 1_1_17_b36450aec86c9218d5838fcb78248e19f5d05b67, Mode: prefetch, Duration: 0.010s
[2024-07-16 17:34:46,900][SUPER][INFO] - Invoked lambda function for batch 1_1_18_a1d2d892eed9319292f6dae281f7db93f0db4995, Mode: prefetch, Duration: 0.010s
[2024-07-16 17:34:46,911][SUPER][INFO] - Invoked lambda function for batch 1_1_19_f6535df87bc79c3b2abccb16561b664829a0ffa5, Mode: prefetch, Duration: 0.010s
[2024-07-16 17:34:46,922][SUPER][INFO] - Invoked lambda function for batch 1_1_20_acba360730a3607943a7100c35528c205082225d, Mode: prefetch, Duration: 0.010s
[2024-07-16 17:34:46,933][SUPER][INFO] - Invoked lambda function for batch 1_1_21_0c655b8f4b0292f3c7a17607e75a0498b5973393, Mode: prefetch, Duration: 0.010s
[2024-07-16 17:34:46,944][SUPER][INFO] - Invoked lambda function for batch 1_1_22_f773f840086c8dd4c5d8deee2cac05f1815eb37c, Mode: prefetch, Duration: 0.010s
[2024-07-16 17:34:46,955][SUPER][INFO] - Invoked lambda function for batch 1_1_23_dafc7ad6c023fb6b0b5e6c2cabf891d885463092, Mode: prefetch, Duration: 0.010s
[2024-07-16 17:34:46,966][SUPER][INFO] - Invoked lambda function for batch 1_1_24_45f8cdf9bf0f21eea0bee66edfb7e7c21b8615d0, Mode: prefetch, Duration: 0.010s
[2024-07-16 17:34:46,976][SUPER][INFO] - Invoked lambda function for batch 1_1_25_262c308ab89b839ad36363bfa3c81ac547bbadd5, Mode: prefetch, Duration: 0.010s
[2024-07-16 17:34:46,988][SUPER][INFO] - Invoked lambda function for batch 1_1_26_915385164365cc893a2b537fc7c30b7152d8d218, Mode: prefetch, Duration: 0.010s
[2024-07-16 17:34:46,999][SUPER][INFO] - Invoked lambda function for batch 1_1_27_439add76f7ee165143ba7919d877941dc2f18afe, Mode: prefetch, Duration: 0.010s
[2024-07-16 17:34:47,010][SUPER][INFO] - Invoked lambda function for batch 1_1_28_b892218e736c78a5b0e7eb945f41d390b6fecc34, Mode: prefetch, Duration: 0.010s
[2024-07-16 17:34:47,021][SUPER][INFO] - Invoked lambda function for batch 1_1_29_e05bea048ee6696a893a34a694e0c8eb64854149, Mode: prefetch, Duration: 0.010s
[2024-07-16 17:34:47,032][SUPER][INFO] - Invoked lambda function for batch 1_1_30_d9779c175ee765294c8ea18e3abed6d9bbcb34c2, Mode: prefetch, Duration: 0.010s
[2024-07-16 17:34:47,042][SUPER][INFO] - Invoked lambda function for batch 1_1_31_86bac10cb14f8e9a706e0696328d1f81f93ea5d6, Mode: prefetch, Duration: 0.010s
[2024-07-16 17:34:47,053][SUPER][INFO] - Invoked lambda function for batch 1_1_32_c3ee18057d76460fa5f6aa7672c06eb47e901e7c, Mode: prefetch, Duration: 0.010s
[2024-07-16 17:34:47,064][SUPER][INFO] - Invoked lambda function for batch 1_1_33_74a76bf69d903b0150ffbf0a7ec69d92e559c6ea, Mode: prefetch, Duration: 0.010s
[2024-07-16 17:34:47,075][SUPER][INFO] - Invoked lambda function for batch 1_1_34_32beff7e9dbf29de4c0fd18f469febbc434ba583, Mode: prefetch, Duration: 0.010s
[2024-07-16 17:34:47,086][SUPER][INFO] - Invoked lambda function for batch 1_1_35_0608447ce9250254dca364e6d1f039f9b5800aad, Mode: prefetch, Duration: 0.010s
[2024-07-16 17:34:47,097][SUPER][INFO] - Invoked lambda function for batch 1_1_36_73e40eb99185b231e210476d02a8a44c5a80b8d0, Mode: prefetch, Duration: 0.010s
[2024-07-16 17:34:47,108][SUPER][INFO] - Invoked lambda function for batch 1_1_37_e438197e09509bcd897336413dde4c60f1ec5d3b, Mode: prefetch, Duration: 0.010s
[2024-07-16 17:34:47,119][SUPER][INFO] - Invoked lambda function for batch 1_1_38_3e9a153263c538c3daf7e17eddbc8a2531f25715, Mode: prefetch, Duration: 0.010s
[2024-07-16 17:34:47,130][SUPER][INFO] - Invoked lambda function for batch 1_1_39_ce0c3c1ac5fc230be7a8027b55f9edfca427455f, Mode: prefetch, Duration: 0.010s
[2024-07-16 17:34:47,141][SUPER][INFO] - Invoked lambda function for batch 1_1_40_09baa14c5591f809b9ae930bda1f42f881e3a20a, Mode: prefetch, Duration: 0.010s
[2024-07-16 17:34:47,152][SUPER][INFO] - Invoked lambda function for batch 1_2_1_6432794cc0dcc31ae4cac1ac0dcb98c3ea9d12ba, Mode: prefetch, Duration: 0.010s
[2024-07-16 17:34:47,163][SUPER][INFO] - Invoked lambda function for batch 1_2_2_e8a8495b1c2495baca1cbdd7b0d3f69a61fa8691, Mode: prefetch, Duration: 0.010s
[2024-07-16 17:34:47,174][SUPER][INFO] - Invoked lambda function for batch 1_2_3_82b8739b62aa666e7fab682e01e5713a7a858f3a, Mode: prefetch, Duration: 0.010s
[2024-07-16 17:34:47,185][SUPER][INFO] - Invoked lambda function for batch 1_2_4_d079ffd63fdd3e2d0dd3ce7f100f8639cf8455b4, Mode: prefetch, Duration: 0.010s
[2024-07-16 17:34:47,196][SUPER][INFO] - Invoked lambda function for batch 1_2_5_43c5bf177f6de3012f4ac50e8fb14472d11bd179, Mode: prefetch, Duration: 0.010s
[2024-07-16 17:34:47,207][SUPER][INFO] - Invoked lambda function for batch 1_2_6_5376e58050ed8e6b4f911b8d671bf1a9a2a62367, Mode: prefetch, Duration: 0.010s
[2024-07-16 17:34:47,218][SUPER][INFO] - Invoked lambda function for batch 1_2_7_959395f39c5fdb3cdd08d313de5631a2ea28b3eb, Mode: prefetch, Duration: 0.010s
[2024-07-16 17:34:47,229][SUPER][INFO] - Invoked lambda function for batch 1_2_8_085dc439bbb9849fe9fbcf4be4a61f2b40725652, Mode: prefetch, Duration: 0.010s
[2024-07-16 17:34:47,240][SUPER][INFO] - Invoked lambda function for batch 1_2_9_0dde2ee37b09da3aa0065d6d048e160a7e52b999, Mode: prefetch, Duration: 0.010s
[2024-07-16 17:34:47,251][SUPER][INFO] - Invoked lambda function for batch 1_2_10_557a2f83c8b832bba77e0c8bcfb43f0a030553d5, Mode: prefetch, Duration: 0.010s
[2024-07-16 17:35:06,734][SUPER][INFO] - Invoked lambda function for batch 1_2_1_6432794cc0dcc31ae4cac1ac0dcb98c3ea9d12ba, Mode: keep_alive, Duration: 0.010s
[2024-07-16 17:35:06,746][SUPER][INFO] - Invoked lambda function for batch 1_2_2_e8a8495b1c2495baca1cbdd7b0d3f69a61fa8691, Mode: keep_alive, Duration: 0.010s
[2024-07-16 17:35:06,758][SUPER][INFO] - Invoked lambda function for batch 1_2_3_82b8739b62aa666e7fab682e01e5713a7a858f3a, Mode: keep_alive, Duration: 0.010s
[2024-07-16 17:35:06,769][SUPER][INFO] - Invoked lambda function for batch 1_2_4_d079ffd63fdd3e2d0dd3ce7f100f8639cf8455b4, Mode: keep_alive, Duration: 0.010s
[2024-07-16 17:35:06,780][SUPER][INFO] - Invoked lambda function for batch 1_2_5_43c5bf177f6de3012f4ac50e8fb14472d11bd179, Mode: keep_alive, Duration: 0.010s
[2024-07-16 17:35:06,791][SUPER][INFO] - Invoked lambda function for batch 1_2_6_5376e58050ed8e6b4f911b8d671bf1a9a2a62367, Mode: keep_alive, Duration: 0.010s
[2024-07-16 17:35:06,803][SUPER][INFO] - Invoked lambda function for batch 1_2_7_959395f39c5fdb3cdd08d313de5631a2ea28b3eb, Mode: keep_alive, Duration: 0.010s
[2024-07-16 17:35:06,814][SUPER][INFO] - Invoked lambda function for batch 1_2_8_085dc439bbb9849fe9fbcf4be4a61f2b40725652, Mode: keep_alive, Duration: 0.010s
[2024-07-16 17:35:06,825][SUPER][INFO] - Invoked lambda function for batch 1_2_9_0dde2ee37b09da3aa0065d6d048e160a7e52b999, Mode: keep_alive, Duration: 0.010s
[2024-07-16 17:35:06,836][SUPER][INFO] - Invoked lambda function for batch 1_2_10_557a2f83c8b832bba77e0c8bcfb43f0a030553d5, Mode: keep_alive, Duration: 0.010s
[2024-07-16 17:43:32,221][SUPER][INFO] - Starting SUPER Datloading Service
[2024-07-16 17:43:32,844][SUPER][INFO] - Dataset Confirmed. Data Dir: s3://sdl-cifar10/train/, Total Files: 50000, Total Batches: 391,Total Partitions: 10
[2024-07-16 17:43:32,845][SUPER][INFO] - Running in simualtion mode
[2024-07-16 17:43:32,847][SUPER][INFO] - Data loading workers started
[2024-07-16 17:43:32,850][SUPER][INFO] - Batch monitoring started
[2024-07-16 17:43:32,929][SUPER][INFO] - Invoked lambda for batch 1_1_1_6432794cc0dcc31ae4cac1ac0dcb98c3ea9d12ba, Mode: prefetch, Duration: 0.017s, Invocation_count: 0
[2024-07-16 17:43:32,939][SUPER][INFO] - Server started. Listening on port 50051...
[2024-07-16 17:43:32,944][SUPER][INFO] - Invoked lambda for batch 1_1_2_e8a8495b1c2495baca1cbdd7b0d3f69a61fa8691, Mode: prefetch, Duration: 0.010s, Invocation_count: 1
[2024-07-16 17:43:32,955][SUPER][INFO] - Invoked lambda for batch 1_1_3_82b8739b62aa666e7fab682e01e5713a7a858f3a, Mode: prefetch, Duration: 0.010s, Invocation_count: 2
[2024-07-16 17:43:32,966][SUPER][INFO] - Invoked lambda for batch 1_1_4_d079ffd63fdd3e2d0dd3ce7f100f8639cf8455b4, Mode: prefetch, Duration: 0.010s, Invocation_count: 3
[2024-07-16 17:43:32,978][SUPER][INFO] - Invoked lambda for batch 1_1_5_43c5bf177f6de3012f4ac50e8fb14472d11bd179, Mode: prefetch, Duration: 0.010s, Invocation_count: 4
[2024-07-16 17:43:32,989][SUPER][INFO] - Invoked lambda for batch 1_1_6_5376e58050ed8e6b4f911b8d671bf1a9a2a62367, Mode: prefetch, Duration: 0.010s, Invocation_count: 5
[2024-07-16 17:43:33,000][SUPER][INFO] - Invoked lambda for batch 1_1_7_959395f39c5fdb3cdd08d313de5631a2ea28b3eb, Mode: prefetch, Duration: 0.010s, Invocation_count: 6
[2024-07-16 17:43:33,012][SUPER][INFO] - Invoked lambda for batch 1_1_8_085dc439bbb9849fe9fbcf4be4a61f2b40725652, Mode: prefetch, Duration: 0.010s, Invocation_count: 7
[2024-07-16 17:43:33,023][SUPER][INFO] - Invoked lambda for batch 1_1_9_0dde2ee37b09da3aa0065d6d048e160a7e52b999, Mode: prefetch, Duration: 0.010s, Invocation_count: 8
[2024-07-16 17:43:33,034][SUPER][INFO] - Invoked lambda for batch 1_1_10_557a2f83c8b832bba77e0c8bcfb43f0a030553d5, Mode: prefetch, Duration: 0.010s, Invocation_count: 9
[2024-07-16 17:43:33,045][SUPER][INFO] - Invoked lambda for batch 1_1_11_386bdb2743ec9f3d55cdbe6a6a0c362ec352ce7e, Mode: prefetch, Duration: 0.010s, Invocation_count: 10
[2024-07-16 17:43:33,057][SUPER][INFO] - Invoked lambda for batch 1_1_12_46a748576d1d791de9ce7bd749f09573dbcd25e2, Mode: prefetch, Duration: 0.010s, Invocation_count: 11
[2024-07-16 17:43:33,068][SUPER][INFO] - Invoked lambda for batch 1_1_13_a0d36a48763f5fe918799012a5bedb69d276f9b6, Mode: prefetch, Duration: 0.010s, Invocation_count: 12
[2024-07-16 17:43:33,080][SUPER][INFO] - Invoked lambda for batch 1_1_14_b4f1d25363dadc0616c3c40a3b8e822902a18b4b, Mode: prefetch, Duration: 0.010s, Invocation_count: 13
[2024-07-16 17:43:33,091][SUPER][INFO] - Invoked lambda for batch 1_1_15_2861e7fefd38afa4cb9484244ff922f219fc8bdc, Mode: prefetch, Duration: 0.010s, Invocation_count: 14
[2024-07-16 17:43:33,102][SUPER][INFO] - Invoked lambda for batch 1_1_16_0af398e74b3953cc4fc7818b90094bb83a30f217, Mode: prefetch, Duration: 0.010s, Invocation_count: 15
[2024-07-16 17:43:33,113][SUPER][INFO] - Invoked lambda for batch 1_1_17_b36450aec86c9218d5838fcb78248e19f5d05b67, Mode: prefetch, Duration: 0.010s, Invocation_count: 16
[2024-07-16 17:43:33,125][SUPER][INFO] - Invoked lambda for batch 1_1_18_a1d2d892eed9319292f6dae281f7db93f0db4995, Mode: prefetch, Duration: 0.010s, Invocation_count: 17
[2024-07-16 17:43:33,136][SUPER][INFO] - Invoked lambda for batch 1_1_19_f6535df87bc79c3b2abccb16561b664829a0ffa5, Mode: prefetch, Duration: 0.010s, Invocation_count: 18
[2024-07-16 17:43:33,147][SUPER][INFO] - Invoked lambda for batch 1_1_20_acba360730a3607943a7100c35528c205082225d, Mode: prefetch, Duration: 0.010s, Invocation_count: 19
[2024-07-16 17:43:33,159][SUPER][INFO] - Invoked lambda for batch 1_1_21_0c655b8f4b0292f3c7a17607e75a0498b5973393, Mode: prefetch, Duration: 0.010s, Invocation_count: 20
[2024-07-16 17:43:33,170][SUPER][INFO] - Invoked lambda for batch 1_1_22_f773f840086c8dd4c5d8deee2cac05f1815eb37c, Mode: prefetch, Duration: 0.010s, Invocation_count: 21
[2024-07-16 17:43:33,181][SUPER][INFO] - Invoked lambda for batch 1_1_23_dafc7ad6c023fb6b0b5e6c2cabf891d885463092, Mode: prefetch, Duration: 0.010s, Invocation_count: 22
[2024-07-16 17:43:33,192][SUPER][INFO] - Invoked lambda for batch 1_1_24_45f8cdf9bf0f21eea0bee66edfb7e7c21b8615d0, Mode: prefetch, Duration: 0.010s, Invocation_count: 23
[2024-07-16 17:43:33,204][SUPER][INFO] - Invoked lambda for batch 1_1_25_262c308ab89b839ad36363bfa3c81ac547bbadd5, Mode: prefetch, Duration: 0.010s, Invocation_count: 24
[2024-07-16 17:43:33,215][SUPER][INFO] - Invoked lambda for batch 1_1_26_915385164365cc893a2b537fc7c30b7152d8d218, Mode: prefetch, Duration: 0.010s, Invocation_count: 25
[2024-07-16 17:43:33,226][SUPER][INFO] - Invoked lambda for batch 1_1_27_439add76f7ee165143ba7919d877941dc2f18afe, Mode: prefetch, Duration: 0.010s, Invocation_count: 26
[2024-07-16 17:43:33,238][SUPER][INFO] - Invoked lambda for batch 1_1_28_b892218e736c78a5b0e7eb945f41d390b6fecc34, Mode: prefetch, Duration: 0.010s, Invocation_count: 27
[2024-07-16 17:43:33,249][SUPER][INFO] - Invoked lambda for batch 1_1_29_e05bea048ee6696a893a34a694e0c8eb64854149, Mode: prefetch, Duration: 0.010s, Invocation_count: 28
[2024-07-16 17:43:33,260][SUPER][INFO] - Invoked lambda for batch 1_1_30_d9779c175ee765294c8ea18e3abed6d9bbcb34c2, Mode: prefetch, Duration: 0.010s, Invocation_count: 29
[2024-07-16 17:43:33,273][SUPER][INFO] - Invoked lambda for batch 1_1_31_86bac10cb14f8e9a706e0696328d1f81f93ea5d6, Mode: prefetch, Duration: 0.011s, Invocation_count: 30
[2024-07-16 17:43:33,285][SUPER][INFO] - Invoked lambda for batch 1_1_32_c3ee18057d76460fa5f6aa7672c06eb47e901e7c, Mode: prefetch, Duration: 0.010s, Invocation_count: 31
[2024-07-16 17:43:33,296][SUPER][INFO] - Invoked lambda for batch 1_1_33_74a76bf69d903b0150ffbf0a7ec69d92e559c6ea, Mode: prefetch, Duration: 0.010s, Invocation_count: 32
[2024-07-16 17:43:33,307][SUPER][INFO] - Invoked lambda for batch 1_1_34_32beff7e9dbf29de4c0fd18f469febbc434ba583, Mode: prefetch, Duration: 0.010s, Invocation_count: 33
[2024-07-16 17:43:33,318][SUPER][INFO] - Invoked lambda for batch 1_1_35_0608447ce9250254dca364e6d1f039f9b5800aad, Mode: prefetch, Duration: 0.010s, Invocation_count: 34
[2024-07-16 17:43:33,330][SUPER][INFO] - Invoked lambda for batch 1_1_36_73e40eb99185b231e210476d02a8a44c5a80b8d0, Mode: prefetch, Duration: 0.010s, Invocation_count: 35
[2024-07-16 17:43:33,341][SUPER][INFO] - Invoked lambda for batch 1_1_37_e438197e09509bcd897336413dde4c60f1ec5d3b, Mode: prefetch, Duration: 0.010s, Invocation_count: 36
[2024-07-16 17:43:33,352][SUPER][INFO] - Invoked lambda for batch 1_1_38_3e9a153263c538c3daf7e17eddbc8a2531f25715, Mode: prefetch, Duration: 0.010s, Invocation_count: 37
[2024-07-16 17:43:33,364][SUPER][INFO] - Invoked lambda for batch 1_1_39_ce0c3c1ac5fc230be7a8027b55f9edfca427455f, Mode: prefetch, Duration: 0.010s, Invocation_count: 38
[2024-07-16 17:43:33,375][SUPER][INFO] - Invoked lambda for batch 1_1_40_09baa14c5591f809b9ae930bda1f42f881e3a20a, Mode: prefetch, Duration: 0.010s, Invocation_count: 39
[2024-07-16 17:43:33,386][SUPER][INFO] - Invoked lambda for batch 1_2_1_6432794cc0dcc31ae4cac1ac0dcb98c3ea9d12ba, Mode: prefetch, Duration: 0.010s, Invocation_count: 40
[2024-07-16 17:43:33,397][SUPER][INFO] - Invoked lambda for batch 1_2_2_e8a8495b1c2495baca1cbdd7b0d3f69a61fa8691, Mode: prefetch, Duration: 0.010s, Invocation_count: 41
[2024-07-16 17:43:33,409][SUPER][INFO] - Invoked lambda for batch 1_2_3_82b8739b62aa666e7fab682e01e5713a7a858f3a, Mode: prefetch, Duration: 0.010s, Invocation_count: 42
[2024-07-16 17:43:33,420][SUPER][INFO] - Invoked lambda for batch 1_2_4_d079ffd63fdd3e2d0dd3ce7f100f8639cf8455b4, Mode: prefetch, Duration: 0.010s, Invocation_count: 43
[2024-07-16 17:43:33,431][SUPER][INFO] - Invoked lambda for batch 1_2_5_43c5bf177f6de3012f4ac50e8fb14472d11bd179, Mode: prefetch, Duration: 0.010s, Invocation_count: 44
[2024-07-16 17:43:33,442][SUPER][INFO] - Invoked lambda for batch 1_2_6_5376e58050ed8e6b4f911b8d671bf1a9a2a62367, Mode: prefetch, Duration: 0.010s, Invocation_count: 45
[2024-07-16 17:43:33,454][SUPER][INFO] - Invoked lambda for batch 1_2_7_959395f39c5fdb3cdd08d313de5631a2ea28b3eb, Mode: prefetch, Duration: 0.010s, Invocation_count: 46
[2024-07-16 17:43:33,465][SUPER][INFO] - Invoked lambda for batch 1_2_8_085dc439bbb9849fe9fbcf4be4a61f2b40725652, Mode: prefetch, Duration: 0.010s, Invocation_count: 47
[2024-07-16 17:43:33,476][SUPER][INFO] - Invoked lambda for batch 1_2_9_0dde2ee37b09da3aa0065d6d048e160a7e52b999, Mode: prefetch, Duration: 0.010s, Invocation_count: 48
[2024-07-16 17:43:33,487][SUPER][INFO] - Invoked lambda for batch 1_2_10_557a2f83c8b832bba77e0c8bcfb43f0a030553d5, Mode: prefetch, Duration: 0.010s, Invocation_count: 49
[2024-07-16 17:43:52,877][SUPER][INFO] - Invoked lambda for batch 1_2_1_6432794cc0dcc31ae4cac1ac0dcb98c3ea9d12ba, Mode: keep_alive, Duration: 0.010s, Invocation_count: 50
[2024-07-16 17:43:52,890][SUPER][INFO] - Invoked lambda for batch 1_2_2_e8a8495b1c2495baca1cbdd7b0d3f69a61fa8691, Mode: keep_alive, Duration: 0.010s, Invocation_count: 51
[2024-07-16 17:43:52,902][SUPER][INFO] - Invoked lambda for batch 1_2_3_82b8739b62aa666e7fab682e01e5713a7a858f3a, Mode: keep_alive, Duration: 0.010s, Invocation_count: 52
[2024-07-16 17:43:52,914][SUPER][INFO] - Invoked lambda for batch 1_2_4_d079ffd63fdd3e2d0dd3ce7f100f8639cf8455b4, Mode: keep_alive, Duration: 0.010s, Invocation_count: 53
[2024-07-16 17:43:52,925][SUPER][INFO] - Invoked lambda for batch 1_2_5_43c5bf177f6de3012f4ac50e8fb14472d11bd179, Mode: keep_alive, Duration: 0.010s, Invocation_count: 54
[2024-07-16 17:43:52,936][SUPER][INFO] - Invoked lambda for batch 1_2_6_5376e58050ed8e6b4f911b8d671bf1a9a2a62367, Mode: keep_alive, Duration: 0.010s, Invocation_count: 55
[2024-07-16 17:43:52,947][SUPER][INFO] - Invoked lambda for batch 1_2_7_959395f39c5fdb3cdd08d313de5631a2ea28b3eb, Mode: keep_alive, Duration: 0.010s, Invocation_count: 56
[2024-07-16 17:43:52,958][SUPER][INFO] - Invoked lambda for batch 1_2_8_085dc439bbb9849fe9fbcf4be4a61f2b40725652, Mode: keep_alive, Duration: 0.010s, Invocation_count: 57
[2024-07-16 17:43:52,969][SUPER][INFO] - Invoked lambda for batch 1_2_9_0dde2ee37b09da3aa0065d6d048e160a7e52b999, Mode: keep_alive, Duration: 0.010s, Invocation_count: 58
[2024-07-16 17:43:52,981][SUPER][INFO] - Invoked lambda for batch 1_2_10_557a2f83c8b832bba77e0c8bcfb43f0a030553d5, Mode: keep_alive, Duration: 0.010s, Invocation_count: 59
[2024-07-16 18:05:03,348][SUPER][INFO] - Starting SUPER Datloading Service
[2024-07-16 18:05:04,309][SUPER][INFO] - Dataset Confirmed. Data Dir: s3://sdl-cifar10/train/, Total Files: 50000, Total Batches: 391,Total Partitions: 10
[2024-07-16 18:05:04,310][SUPER][INFO] - Running in simualtion mode
[2024-07-16 18:05:04,332][SUPER][INFO] - Server started. Listening on port 50051...
[2024-07-16 18:05:04,334][SUPER][INFO] - Data loading workers started
[2024-07-16 18:05:04,355][SUPER][INFO] - Batch monitoring started
[2024-07-16 18:05:04,444][SUPER][INFO] - Invoked lambda for batch 1_1_1_6432794cc0dcc31ae4cac1ac0dcb98c3ea9d12ba, Mode: prefetch, Duration: 0.010s, Invocation_count: 1
[2024-07-16 18:05:04,455][SUPER][INFO] - Invoked lambda for batch 1_1_2_e8a8495b1c2495baca1cbdd7b0d3f69a61fa8691, Mode: prefetch, Duration: 0.010s, Invocation_count: 2
[2024-07-16 18:05:04,466][SUPER][INFO] - Invoked lambda for batch 1_1_3_82b8739b62aa666e7fab682e01e5713a7a858f3a, Mode: prefetch, Duration: 0.010s, Invocation_count: 3
[2024-07-16 18:05:04,477][SUPER][INFO] - Invoked lambda for batch 1_1_4_d079ffd63fdd3e2d0dd3ce7f100f8639cf8455b4, Mode: prefetch, Duration: 0.010s, Invocation_count: 4
[2024-07-16 18:05:04,489][SUPER][INFO] - Invoked lambda for batch 1_1_5_43c5bf177f6de3012f4ac50e8fb14472d11bd179, Mode: prefetch, Duration: 0.010s, Invocation_count: 5
[2024-07-16 18:05:04,500][SUPER][INFO] - Invoked lambda for batch 1_1_6_5376e58050ed8e6b4f911b8d671bf1a9a2a62367, Mode: prefetch, Duration: 0.010s, Invocation_count: 6
[2024-07-16 18:05:04,511][SUPER][INFO] - Invoked lambda for batch 1_1_7_959395f39c5fdb3cdd08d313de5631a2ea28b3eb, Mode: prefetch, Duration: 0.010s, Invocation_count: 7
[2024-07-16 18:05:04,522][SUPER][INFO] - Invoked lambda for batch 1_1_8_085dc439bbb9849fe9fbcf4be4a61f2b40725652, Mode: prefetch, Duration: 0.010s, Invocation_count: 8
[2024-07-16 18:05:04,533][SUPER][INFO] - Invoked lambda for batch 1_1_9_0dde2ee37b09da3aa0065d6d048e160a7e52b999, Mode: prefetch, Duration: 0.010s, Invocation_count: 9
[2024-07-16 18:05:04,544][SUPER][INFO] - Invoked lambda for batch 1_1_10_557a2f83c8b832bba77e0c8bcfb43f0a030553d5, Mode: prefetch, Duration: 0.010s, Invocation_count: 10
[2024-07-16 18:05:04,555][SUPER][INFO] - Invoked lambda for batch 1_1_11_386bdb2743ec9f3d55cdbe6a6a0c362ec352ce7e, Mode: prefetch, Duration: 0.010s, Invocation_count: 11
[2024-07-16 18:05:04,567][SUPER][INFO] - Invoked lambda for batch 1_1_12_46a748576d1d791de9ce7bd749f09573dbcd25e2, Mode: prefetch, Duration: 0.010s, Invocation_count: 12
[2024-07-16 18:05:04,578][SUPER][INFO] - Invoked lambda for batch 1_1_13_a0d36a48763f5fe918799012a5bedb69d276f9b6, Mode: prefetch, Duration: 0.010s, Invocation_count: 13
[2024-07-16 18:05:04,589][SUPER][INFO] - Invoked lambda for batch 1_1_14_b4f1d25363dadc0616c3c40a3b8e822902a18b4b, Mode: prefetch, Duration: 0.010s, Invocation_count: 14
[2024-07-16 18:05:04,600][SUPER][INFO] - Invoked lambda for batch 1_1_15_2861e7fefd38afa4cb9484244ff922f219fc8bdc, Mode: prefetch, Duration: 0.010s, Invocation_count: 15
[2024-07-16 18:05:04,612][SUPER][INFO] - Invoked lambda for batch 1_1_16_0af398e74b3953cc4fc7818b90094bb83a30f217, Mode: prefetch, Duration: 0.010s, Invocation_count: 16
[2024-07-16 18:05:04,623][SUPER][INFO] - Invoked lambda for batch 1_1_17_b36450aec86c9218d5838fcb78248e19f5d05b67, Mode: prefetch, Duration: 0.010s, Invocation_count: 17
[2024-07-16 18:05:04,634][SUPER][INFO] - Invoked lambda for batch 1_1_18_a1d2d892eed9319292f6dae281f7db93f0db4995, Mode: prefetch, Duration: 0.010s, Invocation_count: 18
[2024-07-16 18:05:04,646][SUPER][INFO] - Invoked lambda for batch 1_1_19_f6535df87bc79c3b2abccb16561b664829a0ffa5, Mode: prefetch, Duration: 0.010s, Invocation_count: 19
[2024-07-16 18:05:04,657][SUPER][INFO] - Invoked lambda for batch 1_1_20_acba360730a3607943a7100c35528c205082225d, Mode: prefetch, Duration: 0.010s, Invocation_count: 20
[2024-07-16 18:05:04,668][SUPER][INFO] - Invoked lambda for batch 1_1_21_0c655b8f4b0292f3c7a17607e75a0498b5973393, Mode: prefetch, Duration: 0.010s, Invocation_count: 21
[2024-07-16 18:05:04,680][SUPER][INFO] - Invoked lambda for batch 1_1_22_f773f840086c8dd4c5d8deee2cac05f1815eb37c, Mode: prefetch, Duration: 0.010s, Invocation_count: 22
[2024-07-16 18:05:04,691][SUPER][INFO] - Invoked lambda for batch 1_1_23_dafc7ad6c023fb6b0b5e6c2cabf891d885463092, Mode: prefetch, Duration: 0.010s, Invocation_count: 23
[2024-07-16 18:05:04,702][SUPER][INFO] - Invoked lambda for batch 1_1_24_45f8cdf9bf0f21eea0bee66edfb7e7c21b8615d0, Mode: prefetch, Duration: 0.010s, Invocation_count: 24
[2024-07-16 18:05:04,714][SUPER][INFO] - Invoked lambda for batch 1_1_25_262c308ab89b839ad36363bfa3c81ac547bbadd5, Mode: prefetch, Duration: 0.010s, Invocation_count: 25
[2024-07-16 18:05:04,725][SUPER][INFO] - Invoked lambda for batch 1_1_26_915385164365cc893a2b537fc7c30b7152d8d218, Mode: prefetch, Duration: 0.010s, Invocation_count: 26
[2024-07-16 18:05:04,736][SUPER][INFO] - Invoked lambda for batch 1_1_27_439add76f7ee165143ba7919d877941dc2f18afe, Mode: prefetch, Duration: 0.010s, Invocation_count: 27
[2024-07-16 18:05:04,747][SUPER][INFO] - Invoked lambda for batch 1_1_28_b892218e736c78a5b0e7eb945f41d390b6fecc34, Mode: prefetch, Duration: 0.010s, Invocation_count: 28
[2024-07-16 18:05:04,758][SUPER][INFO] - Invoked lambda for batch 1_1_29_e05bea048ee6696a893a34a694e0c8eb64854149, Mode: prefetch, Duration: 0.010s, Invocation_count: 29
[2024-07-16 18:05:04,770][SUPER][INFO] - Invoked lambda for batch 1_1_30_d9779c175ee765294c8ea18e3abed6d9bbcb34c2, Mode: prefetch, Duration: 0.010s, Invocation_count: 30
[2024-07-16 18:05:04,781][SUPER][INFO] - Invoked lambda for batch 1_1_31_86bac10cb14f8e9a706e0696328d1f81f93ea5d6, Mode: prefetch, Duration: 0.010s, Invocation_count: 31
[2024-07-16 18:05:04,792][SUPER][INFO] - Invoked lambda for batch 1_1_32_c3ee18057d76460fa5f6aa7672c06eb47e901e7c, Mode: prefetch, Duration: 0.010s, Invocation_count: 32
[2024-07-16 18:05:04,803][SUPER][INFO] - Invoked lambda for batch 1_1_33_74a76bf69d903b0150ffbf0a7ec69d92e559c6ea, Mode: prefetch, Duration: 0.010s, Invocation_count: 33
[2024-07-16 18:05:04,814][SUPER][INFO] - Invoked lambda for batch 1_1_34_32beff7e9dbf29de4c0fd18f469febbc434ba583, Mode: prefetch, Duration: 0.010s, Invocation_count: 34
[2024-07-16 18:05:04,826][SUPER][INFO] - Invoked lambda for batch 1_1_35_0608447ce9250254dca364e6d1f039f9b5800aad, Mode: prefetch, Duration: 0.010s, Invocation_count: 35
[2024-07-16 18:05:04,837][SUPER][INFO] - Invoked lambda for batch 1_1_36_73e40eb99185b231e210476d02a8a44c5a80b8d0, Mode: prefetch, Duration: 0.010s, Invocation_count: 36
[2024-07-16 18:05:04,848][SUPER][INFO] - Invoked lambda for batch 1_1_37_e438197e09509bcd897336413dde4c60f1ec5d3b, Mode: prefetch, Duration: 0.010s, Invocation_count: 37
[2024-07-16 18:05:04,859][SUPER][INFO] - Invoked lambda for batch 1_1_38_3e9a153263c538c3daf7e17eddbc8a2531f25715, Mode: prefetch, Duration: 0.010s, Invocation_count: 38
[2024-07-16 18:05:04,871][SUPER][INFO] - Invoked lambda for batch 1_1_39_ce0c3c1ac5fc230be7a8027b55f9edfca427455f, Mode: prefetch, Duration: 0.010s, Invocation_count: 39
[2024-07-16 18:05:04,882][SUPER][INFO] - Invoked lambda for batch 1_1_40_09baa14c5591f809b9ae930bda1f42f881e3a20a, Mode: prefetch, Duration: 0.010s, Invocation_count: 40
[2024-07-16 18:05:04,893][SUPER][INFO] - Invoked lambda for batch 1_2_1_6432794cc0dcc31ae4cac1ac0dcb98c3ea9d12ba, Mode: prefetch, Duration: 0.010s, Invocation_count: 41
[2024-07-16 18:05:04,904][SUPER][INFO] - Invoked lambda for batch 1_2_2_e8a8495b1c2495baca1cbdd7b0d3f69a61fa8691, Mode: prefetch, Duration: 0.010s, Invocation_count: 42
[2024-07-16 18:05:04,916][SUPER][INFO] - Invoked lambda for batch 1_2_3_82b8739b62aa666e7fab682e01e5713a7a858f3a, Mode: prefetch, Duration: 0.010s, Invocation_count: 43
[2024-07-16 18:05:04,927][SUPER][INFO] - Invoked lambda for batch 1_2_4_d079ffd63fdd3e2d0dd3ce7f100f8639cf8455b4, Mode: prefetch, Duration: 0.010s, Invocation_count: 44
[2024-07-16 18:05:04,938][SUPER][INFO] - Invoked lambda for batch 1_2_5_43c5bf177f6de3012f4ac50e8fb14472d11bd179, Mode: prefetch, Duration: 0.010s, Invocation_count: 45
[2024-07-16 18:05:04,949][SUPER][INFO] - Invoked lambda for batch 1_2_6_5376e58050ed8e6b4f911b8d671bf1a9a2a62367, Mode: prefetch, Duration: 0.010s, Invocation_count: 46
[2024-07-16 18:05:04,961][SUPER][INFO] - Invoked lambda for batch 1_2_7_959395f39c5fdb3cdd08d313de5631a2ea28b3eb, Mode: prefetch, Duration: 0.010s, Invocation_count: 47
[2024-07-16 18:05:04,972][SUPER][INFO] - Invoked lambda for batch 1_2_8_085dc439bbb9849fe9fbcf4be4a61f2b40725652, Mode: prefetch, Duration: 0.010s, Invocation_count: 48
[2024-07-16 18:05:04,983][SUPER][INFO] - Invoked lambda for batch 1_2_9_0dde2ee37b09da3aa0065d6d048e160a7e52b999, Mode: prefetch, Duration: 0.010s, Invocation_count: 49
[2024-07-16 18:05:04,994][SUPER][INFO] - Invoked lambda for batch 1_2_10_557a2f83c8b832bba77e0c8bcfb43f0a030553d5, Mode: prefetch, Duration: 0.010s, Invocation_count: 50
[2024-07-16 18:05:24,388][SUPER][INFO] - Invoked lambda for batch 1_2_1_6432794cc0dcc31ae4cac1ac0dcb98c3ea9d12ba, Mode: keep_alive, Duration: 0.010s, Invocation_count: 51
[2024-07-16 18:05:24,401][SUPER][INFO] - Invoked lambda for batch 1_2_2_e8a8495b1c2495baca1cbdd7b0d3f69a61fa8691, Mode: keep_alive, Duration: 0.010s, Invocation_count: 52
[2024-07-16 18:05:24,412][SUPER][INFO] - Invoked lambda for batch 1_2_3_82b8739b62aa666e7fab682e01e5713a7a858f3a, Mode: keep_alive, Duration: 0.010s, Invocation_count: 53
[2024-07-16 18:05:24,423][SUPER][INFO] - Invoked lambda for batch 1_2_4_d079ffd63fdd3e2d0dd3ce7f100f8639cf8455b4, Mode: keep_alive, Duration: 0.010s, Invocation_count: 54
[2024-07-16 18:05:24,434][SUPER][INFO] - Invoked lambda for batch 1_2_5_43c5bf177f6de3012f4ac50e8fb14472d11bd179, Mode: keep_alive, Duration: 0.010s, Invocation_count: 55
[2024-07-16 18:05:24,445][SUPER][INFO] - Invoked lambda for batch 1_2_6_5376e58050ed8e6b4f911b8d671bf1a9a2a62367, Mode: keep_alive, Duration: 0.010s, Invocation_count: 56
[2024-07-16 18:05:24,456][SUPER][INFO] - Invoked lambda for batch 1_2_7_959395f39c5fdb3cdd08d313de5631a2ea28b3eb, Mode: keep_alive, Duration: 0.010s, Invocation_count: 57
[2024-07-16 18:05:24,468][SUPER][INFO] - Invoked lambda for batch 1_2_8_085dc439bbb9849fe9fbcf4be4a61f2b40725652, Mode: keep_alive, Duration: 0.010s, Invocation_count: 58
[2024-07-16 18:05:24,479][SUPER][INFO] - Invoked lambda for batch 1_2_9_0dde2ee37b09da3aa0065d6d048e160a7e52b999, Mode: keep_alive, Duration: 0.010s, Invocation_count: 59
[2024-07-16 18:05:24,490][SUPER][INFO] - Invoked lambda for batch 1_2_10_557a2f83c8b832bba77e0c8bcfb43f0a030553d5, Mode: keep_alive, Duration: 0.010s, Invocation_count: 60
[2024-07-16 18:05:46,949][SUPER][INFO] - Starting SUPER Datloading Service
[2024-07-16 18:05:47,702][SUPER][INFO] - Dataset Confirmed. Data Dir: s3://sdl-cifar10/train/, Total Files: 50000, Total Batches: 391,Total Partitions: 10
[2024-07-16 18:05:47,703][SUPER][INFO] - Running in simualtion mode
[2024-07-16 18:05:47,712][SUPER][INFO] - Server started. Listening on port 50051...
[2024-07-16 18:05:47,713][SUPER][INFO] - Data loading workers started
[2024-07-16 18:05:47,737][SUPER][INFO] - Batch monitoring started
[2024-07-16 18:05:47,798][SUPER][INFO] - Invoked lambda for batch 1_1_1_6432794cc0dcc31ae4cac1ac0dcb98c3ea9d12ba, Mode: prefetch, Duration: 0.010s, Invocation_count: 1
[2024-07-16 18:05:47,809][SUPER][INFO] - Invoked lambda for batch 1_1_2_e8a8495b1c2495baca1cbdd7b0d3f69a61fa8691, Mode: prefetch, Duration: 0.010s, Invocation_count: 2
[2024-07-16 18:05:47,820][SUPER][INFO] - Invoked lambda for batch 1_1_3_82b8739b62aa666e7fab682e01e5713a7a858f3a, Mode: prefetch, Duration: 0.010s, Invocation_count: 3
[2024-07-16 18:05:47,831][SUPER][INFO] - Invoked lambda for batch 1_1_4_d079ffd63fdd3e2d0dd3ce7f100f8639cf8455b4, Mode: prefetch, Duration: 0.010s, Invocation_count: 4
[2024-07-16 18:05:47,842][SUPER][INFO] - Invoked lambda for batch 1_1_5_43c5bf177f6de3012f4ac50e8fb14472d11bd179, Mode: prefetch, Duration: 0.010s, Invocation_count: 5
[2024-07-16 18:05:47,854][SUPER][INFO] - Invoked lambda for batch 1_1_6_5376e58050ed8e6b4f911b8d671bf1a9a2a62367, Mode: prefetch, Duration: 0.010s, Invocation_count: 6
[2024-07-16 18:05:47,865][SUPER][INFO] - Invoked lambda for batch 1_1_7_959395f39c5fdb3cdd08d313de5631a2ea28b3eb, Mode: prefetch, Duration: 0.010s, Invocation_count: 7
[2024-07-16 18:05:47,876][SUPER][INFO] - Invoked lambda for batch 1_1_8_085dc439bbb9849fe9fbcf4be4a61f2b40725652, Mode: prefetch, Duration: 0.010s, Invocation_count: 8
[2024-07-16 18:05:47,887][SUPER][INFO] - Invoked lambda for batch 1_1_9_0dde2ee37b09da3aa0065d6d048e160a7e52b999, Mode: prefetch, Duration: 0.010s, Invocation_count: 9
[2024-07-16 18:05:47,899][SUPER][INFO] - Invoked lambda for batch 1_1_10_557a2f83c8b832bba77e0c8bcfb43f0a030553d5, Mode: prefetch, Duration: 0.010s, Invocation_count: 10
[2024-07-16 18:05:47,910][SUPER][INFO] - Invoked lambda for batch 1_1_11_386bdb2743ec9f3d55cdbe6a6a0c362ec352ce7e, Mode: prefetch, Duration: 0.010s, Invocation_count: 11
[2024-07-16 18:05:47,921][SUPER][INFO] - Invoked lambda for batch 1_1_12_46a748576d1d791de9ce7bd749f09573dbcd25e2, Mode: prefetch, Duration: 0.010s, Invocation_count: 12
[2024-07-16 18:05:47,932][SUPER][INFO] - Invoked lambda for batch 1_1_13_a0d36a48763f5fe918799012a5bedb69d276f9b6, Mode: prefetch, Duration: 0.010s, Invocation_count: 13
[2024-07-16 18:05:47,944][SUPER][INFO] - Invoked lambda for batch 1_1_14_b4f1d25363dadc0616c3c40a3b8e822902a18b4b, Mode: prefetch, Duration: 0.010s, Invocation_count: 14
[2024-07-16 18:05:47,955][SUPER][INFO] - Invoked lambda for batch 1_1_15_2861e7fefd38afa4cb9484244ff922f219fc8bdc, Mode: prefetch, Duration: 0.010s, Invocation_count: 15
[2024-07-16 18:05:47,966][SUPER][INFO] - Invoked lambda for batch 1_1_16_0af398e74b3953cc4fc7818b90094bb83a30f217, Mode: prefetch, Duration: 0.010s, Invocation_count: 16
[2024-07-16 18:05:47,977][SUPER][INFO] - Invoked lambda for batch 1_1_17_b36450aec86c9218d5838fcb78248e19f5d05b67, Mode: prefetch, Duration: 0.010s, Invocation_count: 17
[2024-07-16 18:05:47,989][SUPER][INFO] - Invoked lambda for batch 1_1_18_a1d2d892eed9319292f6dae281f7db93f0db4995, Mode: prefetch, Duration: 0.010s, Invocation_count: 18
[2024-07-16 18:05:48,000][SUPER][INFO] - Invoked lambda for batch 1_1_19_f6535df87bc79c3b2abccb16561b664829a0ffa5, Mode: prefetch, Duration: 0.010s, Invocation_count: 19
[2024-07-16 18:05:48,011][SUPER][INFO] - Invoked lambda for batch 1_1_20_acba360730a3607943a7100c35528c205082225d, Mode: prefetch, Duration: 0.010s, Invocation_count: 20
[2024-07-16 18:05:48,023][SUPER][INFO] - Invoked lambda for batch 1_1_21_0c655b8f4b0292f3c7a17607e75a0498b5973393, Mode: prefetch, Duration: 0.010s, Invocation_count: 21
[2024-07-16 18:05:48,034][SUPER][INFO] - Invoked lambda for batch 1_1_22_f773f840086c8dd4c5d8deee2cac05f1815eb37c, Mode: prefetch, Duration: 0.010s, Invocation_count: 22
[2024-07-16 18:05:48,046][SUPER][INFO] - Invoked lambda for batch 1_1_23_dafc7ad6c023fb6b0b5e6c2cabf891d885463092, Mode: prefetch, Duration: 0.010s, Invocation_count: 23
[2024-07-16 18:05:48,057][SUPER][INFO] - Invoked lambda for batch 1_1_24_45f8cdf9bf0f21eea0bee66edfb7e7c21b8615d0, Mode: prefetch, Duration: 0.010s, Invocation_count: 24
[2024-07-16 18:05:48,068][SUPER][INFO] - Invoked lambda for batch 1_1_25_262c308ab89b839ad36363bfa3c81ac547bbadd5, Mode: prefetch, Duration: 0.010s, Invocation_count: 25
[2024-07-16 18:05:48,080][SUPER][INFO] - Invoked lambda for batch 1_1_26_915385164365cc893a2b537fc7c30b7152d8d218, Mode: prefetch, Duration: 0.010s, Invocation_count: 26
[2024-07-16 18:05:48,091][SUPER][INFO] - Invoked lambda for batch 1_1_27_439add76f7ee165143ba7919d877941dc2f18afe, Mode: prefetch, Duration: 0.010s, Invocation_count: 27
[2024-07-16 18:05:48,102][SUPER][INFO] - Invoked lambda for batch 1_1_28_b892218e736c78a5b0e7eb945f41d390b6fecc34, Mode: prefetch, Duration: 0.010s, Invocation_count: 28
[2024-07-16 18:05:48,114][SUPER][INFO] - Invoked lambda for batch 1_1_29_e05bea048ee6696a893a34a694e0c8eb64854149, Mode: prefetch, Duration: 0.010s, Invocation_count: 29
[2024-07-16 18:05:48,125][SUPER][INFO] - Invoked lambda for batch 1_1_30_d9779c175ee765294c8ea18e3abed6d9bbcb34c2, Mode: prefetch, Duration: 0.010s, Invocation_count: 30
[2024-07-16 18:05:48,136][SUPER][INFO] - Invoked lambda for batch 1_1_31_86bac10cb14f8e9a706e0696328d1f81f93ea5d6, Mode: prefetch, Duration: 0.010s, Invocation_count: 31
[2024-07-16 18:05:48,147][SUPER][INFO] - Invoked lambda for batch 1_1_32_c3ee18057d76460fa5f6aa7672c06eb47e901e7c, Mode: prefetch, Duration: 0.010s, Invocation_count: 32
[2024-07-16 18:05:48,158][SUPER][INFO] - Invoked lambda for batch 1_1_33_74a76bf69d903b0150ffbf0a7ec69d92e559c6ea, Mode: prefetch, Duration: 0.010s, Invocation_count: 33
[2024-07-16 18:05:48,169][SUPER][INFO] - Invoked lambda for batch 1_1_34_32beff7e9dbf29de4c0fd18f469febbc434ba583, Mode: prefetch, Duration: 0.010s, Invocation_count: 34
[2024-07-16 18:05:48,181][SUPER][INFO] - Invoked lambda for batch 1_1_35_0608447ce9250254dca364e6d1f039f9b5800aad, Mode: prefetch, Duration: 0.010s, Invocation_count: 35
[2024-07-16 18:05:48,192][SUPER][INFO] - Invoked lambda for batch 1_1_36_73e40eb99185b231e210476d02a8a44c5a80b8d0, Mode: prefetch, Duration: 0.010s, Invocation_count: 36
[2024-07-16 18:05:48,203][SUPER][INFO] - Invoked lambda for batch 1_1_37_e438197e09509bcd897336413dde4c60f1ec5d3b, Mode: prefetch, Duration: 0.010s, Invocation_count: 37
[2024-07-16 18:05:48,214][SUPER][INFO] - Invoked lambda for batch 1_1_38_3e9a153263c538c3daf7e17eddbc8a2531f25715, Mode: prefetch, Duration: 0.010s, Invocation_count: 38
[2024-07-16 18:05:48,225][SUPER][INFO] - Invoked lambda for batch 1_1_39_ce0c3c1ac5fc230be7a8027b55f9edfca427455f, Mode: prefetch, Duration: 0.010s, Invocation_count: 39
[2024-07-16 18:05:48,236][SUPER][INFO] - Invoked lambda for batch 1_1_40_09baa14c5591f809b9ae930bda1f42f881e3a20a, Mode: prefetch, Duration: 0.010s, Invocation_count: 40
[2024-07-16 18:05:48,248][SUPER][INFO] - Invoked lambda for batch 1_2_1_6432794cc0dcc31ae4cac1ac0dcb98c3ea9d12ba, Mode: prefetch, Duration: 0.010s, Invocation_count: 41
[2024-07-16 18:05:48,259][SUPER][INFO] - Invoked lambda for batch 1_2_2_e8a8495b1c2495baca1cbdd7b0d3f69a61fa8691, Mode: prefetch, Duration: 0.010s, Invocation_count: 42
[2024-07-16 18:05:48,270][SUPER][INFO] - Invoked lambda for batch 1_2_3_82b8739b62aa666e7fab682e01e5713a7a858f3a, Mode: prefetch, Duration: 0.010s, Invocation_count: 43
[2024-07-16 18:05:48,282][SUPER][INFO] - Invoked lambda for batch 1_2_4_d079ffd63fdd3e2d0dd3ce7f100f8639cf8455b4, Mode: prefetch, Duration: 0.010s, Invocation_count: 44
[2024-07-16 18:05:48,293][SUPER][INFO] - Invoked lambda for batch 1_2_5_43c5bf177f6de3012f4ac50e8fb14472d11bd179, Mode: prefetch, Duration: 0.010s, Invocation_count: 45
[2024-07-16 18:05:48,304][SUPER][INFO] - Invoked lambda for batch 1_2_6_5376e58050ed8e6b4f911b8d671bf1a9a2a62367, Mode: prefetch, Duration: 0.010s, Invocation_count: 46
[2024-07-16 18:05:48,315][SUPER][INFO] - Invoked lambda for batch 1_2_7_959395f39c5fdb3cdd08d313de5631a2ea28b3eb, Mode: prefetch, Duration: 0.010s, Invocation_count: 47
[2024-07-16 18:05:48,327][SUPER][INFO] - Invoked lambda for batch 1_2_8_085dc439bbb9849fe9fbcf4be4a61f2b40725652, Mode: prefetch, Duration: 0.010s, Invocation_count: 48
[2024-07-16 18:05:48,338][SUPER][INFO] - Invoked lambda for batch 1_2_9_0dde2ee37b09da3aa0065d6d048e160a7e52b999, Mode: prefetch, Duration: 0.010s, Invocation_count: 49
[2024-07-16 18:05:48,349][SUPER][INFO] - Invoked lambda for batch 1_2_10_557a2f83c8b832bba77e0c8bcfb43f0a030553d5, Mode: prefetch, Duration: 0.010s, Invocation_count: 50
[2024-07-16 18:06:07,758][SUPER][INFO] - Invoked lambda for batch 1_2_1_6432794cc0dcc31ae4cac1ac0dcb98c3ea9d12ba, Mode: keep_alive, Duration: 0.010s, Invocation_count: 51
[2024-07-16 18:06:07,769][SUPER][INFO] - Invoked lambda for batch 1_2_2_e8a8495b1c2495baca1cbdd7b0d3f69a61fa8691, Mode: keep_alive, Duration: 0.010s, Invocation_count: 52
[2024-07-16 18:06:07,781][SUPER][INFO] - Invoked lambda for batch 1_2_3_82b8739b62aa666e7fab682e01e5713a7a858f3a, Mode: keep_alive, Duration: 0.010s, Invocation_count: 53
[2024-07-16 18:06:07,792][SUPER][INFO] - Invoked lambda for batch 1_2_4_d079ffd63fdd3e2d0dd3ce7f100f8639cf8455b4, Mode: keep_alive, Duration: 0.010s, Invocation_count: 54
[2024-07-16 18:06:07,803][SUPER][INFO] - Invoked lambda for batch 1_2_5_43c5bf177f6de3012f4ac50e8fb14472d11bd179, Mode: keep_alive, Duration: 0.010s, Invocation_count: 55
[2024-07-16 18:06:07,814][SUPER][INFO] - Invoked lambda for batch 1_2_6_5376e58050ed8e6b4f911b8d671bf1a9a2a62367, Mode: keep_alive, Duration: 0.010s, Invocation_count: 56
[2024-07-16 18:06:07,826][SUPER][INFO] - Invoked lambda for batch 1_2_7_959395f39c5fdb3cdd08d313de5631a2ea28b3eb, Mode: keep_alive, Duration: 0.010s, Invocation_count: 57
[2024-07-16 18:06:07,837][SUPER][INFO] - Invoked lambda for batch 1_2_8_085dc439bbb9849fe9fbcf4be4a61f2b40725652, Mode: keep_alive, Duration: 0.010s, Invocation_count: 58
[2024-07-16 18:06:07,848][SUPER][INFO] - Invoked lambda for batch 1_2_9_0dde2ee37b09da3aa0065d6d048e160a7e52b999, Mode: keep_alive, Duration: 0.010s, Invocation_count: 59
[2024-07-16 18:06:07,859][SUPER][INFO] - Invoked lambda for batch 1_2_10_557a2f83c8b832bba77e0c8bcfb43f0a030553d5, Mode: keep_alive, Duration: 0.010s, Invocation_count: 60
[2024-07-16 18:06:27,886][SUPER][INFO] - Invoked lambda for batch 1_2_1_6432794cc0dcc31ae4cac1ac0dcb98c3ea9d12ba, Mode: keep_alive, Duration: 0.010s, Invocation_count: 61
[2024-07-16 18:06:27,897][SUPER][INFO] - Invoked lambda for batch 1_2_2_e8a8495b1c2495baca1cbdd7b0d3f69a61fa8691, Mode: keep_alive, Duration: 0.010s, Invocation_count: 62
[2024-07-16 18:06:27,909][SUPER][INFO] - Invoked lambda for batch 1_2_3_82b8739b62aa666e7fab682e01e5713a7a858f3a, Mode: keep_alive, Duration: 0.010s, Invocation_count: 63
[2024-07-16 18:06:27,920][SUPER][INFO] - Invoked lambda for batch 1_2_4_d079ffd63fdd3e2d0dd3ce7f100f8639cf8455b4, Mode: keep_alive, Duration: 0.010s, Invocation_count: 64
[2024-07-16 18:06:27,931][SUPER][INFO] - Invoked lambda for batch 1_2_5_43c5bf177f6de3012f4ac50e8fb14472d11bd179, Mode: keep_alive, Duration: 0.010s, Invocation_count: 65
[2024-07-16 18:06:27,942][SUPER][INFO] - Invoked lambda for batch 1_2_6_5376e58050ed8e6b4f911b8d671bf1a9a2a62367, Mode: keep_alive, Duration: 0.010s, Invocation_count: 66
[2024-07-16 18:06:27,954][SUPER][INFO] - Invoked lambda for batch 1_2_7_959395f39c5fdb3cdd08d313de5631a2ea28b3eb, Mode: keep_alive, Duration: 0.010s, Invocation_count: 67
[2024-07-16 18:06:27,965][SUPER][INFO] - Invoked lambda for batch 1_2_8_085dc439bbb9849fe9fbcf4be4a61f2b40725652, Mode: keep_alive, Duration: 0.010s, Invocation_count: 68
[2024-07-16 18:06:27,976][SUPER][INFO] - Invoked lambda for batch 1_2_9_0dde2ee37b09da3aa0065d6d048e160a7e52b999, Mode: keep_alive, Duration: 0.010s, Invocation_count: 69
[2024-07-16 18:06:27,987][SUPER][INFO] - Invoked lambda for batch 1_2_10_557a2f83c8b832bba77e0c8bcfb43f0a030553d5, Mode: keep_alive, Duration: 0.010s, Invocation_count: 70
[2024-07-16 18:06:48,020][SUPER][INFO] - Invoked lambda for batch 1_2_1_6432794cc0dcc31ae4cac1ac0dcb98c3ea9d12ba, Mode: keep_alive, Duration: 0.010s, Invocation_count: 71
[2024-07-16 18:06:48,032][SUPER][INFO] - Invoked lambda for batch 1_2_2_e8a8495b1c2495baca1cbdd7b0d3f69a61fa8691, Mode: keep_alive, Duration: 0.010s, Invocation_count: 72
[2024-07-16 18:06:48,044][SUPER][INFO] - Invoked lambda for batch 1_2_3_82b8739b62aa666e7fab682e01e5713a7a858f3a, Mode: keep_alive, Duration: 0.010s, Invocation_count: 73
[2024-07-16 18:06:48,055][SUPER][INFO] - Invoked lambda for batch 1_2_4_d079ffd63fdd3e2d0dd3ce7f100f8639cf8455b4, Mode: keep_alive, Duration: 0.010s, Invocation_count: 74
[2024-07-16 18:06:48,066][SUPER][INFO] - Invoked lambda for batch 1_2_5_43c5bf177f6de3012f4ac50e8fb14472d11bd179, Mode: keep_alive, Duration: 0.010s, Invocation_count: 75
[2024-07-16 18:06:48,077][SUPER][INFO] - Invoked lambda for batch 1_2_6_5376e58050ed8e6b4f911b8d671bf1a9a2a62367, Mode: keep_alive, Duration: 0.010s, Invocation_count: 76
[2024-07-16 18:06:48,088][SUPER][INFO] - Invoked lambda for batch 1_2_7_959395f39c5fdb3cdd08d313de5631a2ea28b3eb, Mode: keep_alive, Duration: 0.010s, Invocation_count: 77
[2024-07-16 18:06:48,099][SUPER][INFO] - Invoked lambda for batch 1_2_8_085dc439bbb9849fe9fbcf4be4a61f2b40725652, Mode: keep_alive, Duration: 0.010s, Invocation_count: 78
[2024-07-16 18:06:48,110][SUPER][INFO] - Invoked lambda for batch 1_2_9_0dde2ee37b09da3aa0065d6d048e160a7e52b999, Mode: keep_alive, Duration: 0.010s, Invocation_count: 79
[2024-07-16 18:06:48,121][SUPER][INFO] - Invoked lambda for batch 1_2_10_557a2f83c8b832bba77e0c8bcfb43f0a030553d5, Mode: keep_alive, Duration: 0.010s, Invocation_count: 80
[2024-07-16 18:07:08,154][SUPER][INFO] - Invoked lambda for batch 1_2_1_6432794cc0dcc31ae4cac1ac0dcb98c3ea9d12ba, Mode: keep_alive, Duration: 0.011s, Invocation_count: 81
[2024-07-16 18:07:08,166][SUPER][INFO] - Invoked lambda for batch 1_2_2_e8a8495b1c2495baca1cbdd7b0d3f69a61fa8691, Mode: keep_alive, Duration: 0.010s, Invocation_count: 82
[2024-07-16 18:07:08,178][SUPER][INFO] - Invoked lambda for batch 1_2_3_82b8739b62aa666e7fab682e01e5713a7a858f3a, Mode: keep_alive, Duration: 0.010s, Invocation_count: 83
[2024-07-16 18:07:08,189][SUPER][INFO] - Invoked lambda for batch 1_2_4_d079ffd63fdd3e2d0dd3ce7f100f8639cf8455b4, Mode: keep_alive, Duration: 0.010s, Invocation_count: 84
[2024-07-16 18:07:08,200][SUPER][INFO] - Invoked lambda for batch 1_2_5_43c5bf177f6de3012f4ac50e8fb14472d11bd179, Mode: keep_alive, Duration: 0.010s, Invocation_count: 85
[2024-07-16 18:07:08,211][SUPER][INFO] - Invoked lambda for batch 1_2_6_5376e58050ed8e6b4f911b8d671bf1a9a2a62367, Mode: keep_alive, Duration: 0.010s, Invocation_count: 86
[2024-07-16 18:07:08,223][SUPER][INFO] - Invoked lambda for batch 1_2_7_959395f39c5fdb3cdd08d313de5631a2ea28b3eb, Mode: keep_alive, Duration: 0.010s, Invocation_count: 87
[2024-07-16 18:07:08,233][SUPER][INFO] - Invoked lambda for batch 1_2_8_085dc439bbb9849fe9fbcf4be4a61f2b40725652, Mode: keep_alive, Duration: 0.010s, Invocation_count: 88
[2024-07-16 18:07:08,245][SUPER][INFO] - Invoked lambda for batch 1_2_9_0dde2ee37b09da3aa0065d6d048e160a7e52b999, Mode: keep_alive, Duration: 0.010s, Invocation_count: 89
[2024-07-16 18:07:08,256][SUPER][INFO] - Invoked lambda for batch 1_2_10_557a2f83c8b832bba77e0c8bcfb43f0a030553d5, Mode: keep_alive, Duration: 0.010s, Invocation_count: 90
[2024-07-16 18:11:55,895][SUPER][INFO] - Starting SUPER Datloading Service
[2024-07-16 18:11:56,572][SUPER][INFO] - Dataset Confirmed. Data Dir: s3://sdl-cifar10/train/, Total Files: 50000, Total Batches: 391,Total Partitions: 10
[2024-07-16 18:11:56,573][SUPER][INFO] - Running in simualtion mode
[2024-07-16 18:11:56,582][SUPER][INFO] - Server started. Listening on port 50051...
[2024-07-16 18:11:56,583][SUPER][INFO] - Data loading workers started
[2024-07-16 18:11:56,639][SUPER][INFO] - Batch monitoring started
[2024-07-16 18:11:56,650][SUPER][INFO] - Invoked lambda for batch 1_1_1_6432794cc0dcc31ae4cac1ac0dcb98c3ea9d12ba, Mode: prefetch, Duration: 0.010s, Invocation_count: 1
[2024-07-16 18:11:56,661][SUPER][INFO] - Invoked lambda for batch 1_1_2_e8a8495b1c2495baca1cbdd7b0d3f69a61fa8691, Mode: prefetch, Duration: 0.010s, Invocation_count: 2
[2024-07-16 18:11:56,672][SUPER][INFO] - Invoked lambda for batch 1_1_3_82b8739b62aa666e7fab682e01e5713a7a858f3a, Mode: prefetch, Duration: 0.010s, Invocation_count: 3
[2024-07-16 18:11:56,683][SUPER][INFO] - Invoked lambda for batch 1_1_4_d079ffd63fdd3e2d0dd3ce7f100f8639cf8455b4, Mode: prefetch, Duration: 0.010s, Invocation_count: 4
[2024-07-16 18:11:56,694][SUPER][INFO] - Invoked lambda for batch 1_1_5_43c5bf177f6de3012f4ac50e8fb14472d11bd179, Mode: prefetch, Duration: 0.010s, Invocation_count: 5
[2024-07-16 18:11:56,705][SUPER][INFO] - Invoked lambda for batch 1_1_6_5376e58050ed8e6b4f911b8d671bf1a9a2a62367, Mode: prefetch, Duration: 0.010s, Invocation_count: 6
[2024-07-16 18:11:56,716][SUPER][INFO] - Invoked lambda for batch 1_1_7_959395f39c5fdb3cdd08d313de5631a2ea28b3eb, Mode: prefetch, Duration: 0.010s, Invocation_count: 7
[2024-07-16 18:11:56,727][SUPER][INFO] - Invoked lambda for batch 1_1_8_085dc439bbb9849fe9fbcf4be4a61f2b40725652, Mode: prefetch, Duration: 0.010s, Invocation_count: 8
[2024-07-16 18:11:56,739][SUPER][INFO] - Invoked lambda for batch 1_1_9_0dde2ee37b09da3aa0065d6d048e160a7e52b999, Mode: prefetch, Duration: 0.010s, Invocation_count: 9
[2024-07-16 18:11:56,750][SUPER][INFO] - Invoked lambda for batch 1_1_10_557a2f83c8b832bba77e0c8bcfb43f0a030553d5, Mode: prefetch, Duration: 0.010s, Invocation_count: 10
[2024-07-16 18:11:56,762][SUPER][INFO] - Invoked lambda for batch 1_1_11_386bdb2743ec9f3d55cdbe6a6a0c362ec352ce7e, Mode: prefetch, Duration: 0.010s, Invocation_count: 11
[2024-07-16 18:11:56,773][SUPER][INFO] - Invoked lambda for batch 1_1_12_46a748576d1d791de9ce7bd749f09573dbcd25e2, Mode: prefetch, Duration: 0.010s, Invocation_count: 12
[2024-07-16 18:11:56,784][SUPER][INFO] - Invoked lambda for batch 1_1_13_a0d36a48763f5fe918799012a5bedb69d276f9b6, Mode: prefetch, Duration: 0.010s, Invocation_count: 13
[2024-07-16 18:11:56,796][SUPER][INFO] - Invoked lambda for batch 1_1_14_b4f1d25363dadc0616c3c40a3b8e822902a18b4b, Mode: prefetch, Duration: 0.010s, Invocation_count: 14
[2024-07-16 18:11:56,807][SUPER][INFO] - Invoked lambda for batch 1_1_15_2861e7fefd38afa4cb9484244ff922f219fc8bdc, Mode: prefetch, Duration: 0.010s, Invocation_count: 15
[2024-07-16 18:11:56,818][SUPER][INFO] - Invoked lambda for batch 1_1_16_0af398e74b3953cc4fc7818b90094bb83a30f217, Mode: prefetch, Duration: 0.010s, Invocation_count: 16
[2024-07-16 18:11:56,829][SUPER][INFO] - Invoked lambda for batch 1_1_17_b36450aec86c9218d5838fcb78248e19f5d05b67, Mode: prefetch, Duration: 0.010s, Invocation_count: 17
[2024-07-16 18:11:56,840][SUPER][INFO] - Invoked lambda for batch 1_1_18_a1d2d892eed9319292f6dae281f7db93f0db4995, Mode: prefetch, Duration: 0.010s, Invocation_count: 18
[2024-07-16 18:11:56,852][SUPER][INFO] - Invoked lambda for batch 1_1_19_f6535df87bc79c3b2abccb16561b664829a0ffa5, Mode: prefetch, Duration: 0.010s, Invocation_count: 19
[2024-07-16 18:11:56,863][SUPER][INFO] - Invoked lambda for batch 1_1_20_acba360730a3607943a7100c35528c205082225d, Mode: prefetch, Duration: 0.010s, Invocation_count: 20
[2024-07-16 18:11:56,874][SUPER][INFO] - Invoked lambda for batch 1_1_21_0c655b8f4b0292f3c7a17607e75a0498b5973393, Mode: prefetch, Duration: 0.010s, Invocation_count: 21
[2024-07-16 18:11:56,886][SUPER][INFO] - Invoked lambda for batch 1_1_22_f773f840086c8dd4c5d8deee2cac05f1815eb37c, Mode: prefetch, Duration: 0.010s, Invocation_count: 22
[2024-07-16 18:11:56,897][SUPER][INFO] - Invoked lambda for batch 1_1_23_dafc7ad6c023fb6b0b5e6c2cabf891d885463092, Mode: prefetch, Duration: 0.010s, Invocation_count: 23
[2024-07-16 18:11:56,908][SUPER][INFO] - Invoked lambda for batch 1_1_24_45f8cdf9bf0f21eea0bee66edfb7e7c21b8615d0, Mode: prefetch, Duration: 0.010s, Invocation_count: 24
[2024-07-16 18:11:56,920][SUPER][INFO] - Invoked lambda for batch 1_1_25_262c308ab89b839ad36363bfa3c81ac547bbadd5, Mode: prefetch, Duration: 0.010s, Invocation_count: 25
[2024-07-16 18:12:16,668][SUPER][INFO] - Invoked lambda for batch 1_1_1_6432794cc0dcc31ae4cac1ac0dcb98c3ea9d12ba, Mode: keep_alive, Duration: 0.010s, Invocation_count: 26
[2024-07-16 18:12:16,681][SUPER][INFO] - Invoked lambda for batch 1_1_2_e8a8495b1c2495baca1cbdd7b0d3f69a61fa8691, Mode: keep_alive, Duration: 0.010s, Invocation_count: 27
[2024-07-16 18:12:16,692][SUPER][INFO] - Invoked lambda for batch 1_1_3_82b8739b62aa666e7fab682e01e5713a7a858f3a, Mode: keep_alive, Duration: 0.010s, Invocation_count: 28
[2024-07-16 18:12:16,704][SUPER][INFO] - Invoked lambda for batch 1_1_4_d079ffd63fdd3e2d0dd3ce7f100f8639cf8455b4, Mode: keep_alive, Duration: 0.010s, Invocation_count: 29
[2024-07-16 18:12:16,715][SUPER][INFO] - Invoked lambda for batch 1_1_5_43c5bf177f6de3012f4ac50e8fb14472d11bd179, Mode: keep_alive, Duration: 0.010s, Invocation_count: 30
[2024-07-16 18:12:16,726][SUPER][INFO] - Invoked lambda for batch 1_1_6_5376e58050ed8e6b4f911b8d671bf1a9a2a62367, Mode: keep_alive, Duration: 0.010s, Invocation_count: 31
[2024-07-16 18:12:16,737][SUPER][INFO] - Invoked lambda for batch 1_1_7_959395f39c5fdb3cdd08d313de5631a2ea28b3eb, Mode: keep_alive, Duration: 0.010s, Invocation_count: 32
[2024-07-16 18:12:16,748][SUPER][INFO] - Invoked lambda for batch 1_1_8_085dc439bbb9849fe9fbcf4be4a61f2b40725652, Mode: keep_alive, Duration: 0.010s, Invocation_count: 33
[2024-07-16 18:12:16,760][SUPER][INFO] - Invoked lambda for batch 1_1_9_0dde2ee37b09da3aa0065d6d048e160a7e52b999, Mode: keep_alive, Duration: 0.010s, Invocation_count: 34
[2024-07-16 18:12:16,771][SUPER][INFO] - Invoked lambda for batch 1_1_10_557a2f83c8b832bba77e0c8bcfb43f0a030553d5, Mode: keep_alive, Duration: 0.010s, Invocation_count: 35
[2024-07-16 18:12:16,782][SUPER][INFO] - Invoked lambda for batch 1_1_11_386bdb2743ec9f3d55cdbe6a6a0c362ec352ce7e, Mode: keep_alive, Duration: 0.010s, Invocation_count: 36
[2024-07-16 18:12:16,793][SUPER][INFO] - Invoked lambda for batch 1_1_12_46a748576d1d791de9ce7bd749f09573dbcd25e2, Mode: keep_alive, Duration: 0.010s, Invocation_count: 37
[2024-07-16 18:12:16,804][SUPER][INFO] - Invoked lambda for batch 1_1_13_a0d36a48763f5fe918799012a5bedb69d276f9b6, Mode: keep_alive, Duration: 0.010s, Invocation_count: 38
[2024-07-16 18:12:16,815][SUPER][INFO] - Invoked lambda for batch 1_1_14_b4f1d25363dadc0616c3c40a3b8e822902a18b4b, Mode: keep_alive, Duration: 0.010s, Invocation_count: 39
[2024-07-16 18:12:16,827][SUPER][INFO] - Invoked lambda for batch 1_1_15_2861e7fefd38afa4cb9484244ff922f219fc8bdc, Mode: keep_alive, Duration: 0.010s, Invocation_count: 40
[2024-07-16 18:12:16,838][SUPER][INFO] - Invoked lambda for batch 1_1_16_0af398e74b3953cc4fc7818b90094bb83a30f217, Mode: keep_alive, Duration: 0.010s, Invocation_count: 41
[2024-07-16 18:12:16,849][SUPER][INFO] - Invoked lambda for batch 1_1_17_b36450aec86c9218d5838fcb78248e19f5d05b67, Mode: keep_alive, Duration: 0.010s, Invocation_count: 42
[2024-07-16 18:12:16,860][SUPER][INFO] - Invoked lambda for batch 1_1_18_a1d2d892eed9319292f6dae281f7db93f0db4995, Mode: keep_alive, Duration: 0.010s, Invocation_count: 43
[2024-07-16 18:12:16,871][SUPER][INFO] - Invoked lambda for batch 1_1_19_f6535df87bc79c3b2abccb16561b664829a0ffa5, Mode: keep_alive, Duration: 0.010s, Invocation_count: 44
[2024-07-16 18:12:16,883][SUPER][INFO] - Invoked lambda for batch 1_1_20_acba360730a3607943a7100c35528c205082225d, Mode: keep_alive, Duration: 0.010s, Invocation_count: 45
[2024-07-16 18:12:16,894][SUPER][INFO] - Invoked lambda for batch 1_1_21_0c655b8f4b0292f3c7a17607e75a0498b5973393, Mode: keep_alive, Duration: 0.010s, Invocation_count: 46
[2024-07-16 18:12:16,905][SUPER][INFO] - Invoked lambda for batch 1_1_22_f773f840086c8dd4c5d8deee2cac05f1815eb37c, Mode: keep_alive, Duration: 0.010s, Invocation_count: 47
[2024-07-16 18:12:16,916][SUPER][INFO] - Invoked lambda for batch 1_1_23_dafc7ad6c023fb6b0b5e6c2cabf891d885463092, Mode: keep_alive, Duration: 0.010s, Invocation_count: 48
[2024-07-16 18:12:16,928][SUPER][INFO] - Invoked lambda for batch 1_1_24_45f8cdf9bf0f21eea0bee66edfb7e7c21b8615d0, Mode: keep_alive, Duration: 0.010s, Invocation_count: 49
[2024-07-16 18:12:16,939][SUPER][INFO] - Invoked lambda for batch 1_1_25_262c308ab89b839ad36363bfa3c81ac547bbadd5, Mode: keep_alive, Duration: 0.010s, Invocation_count: 50
[2024-07-16 18:12:36,972][SUPER][INFO] - Invoked lambda for batch 1_1_1_6432794cc0dcc31ae4cac1ac0dcb98c3ea9d12ba, Mode: keep_alive, Duration: 0.010s, Invocation_count: 51
[2024-07-16 18:12:36,984][SUPER][INFO] - Invoked lambda for batch 1_1_2_e8a8495b1c2495baca1cbdd7b0d3f69a61fa8691, Mode: keep_alive, Duration: 0.010s, Invocation_count: 52
[2024-07-16 18:12:36,996][SUPER][INFO] - Invoked lambda for batch 1_1_3_82b8739b62aa666e7fab682e01e5713a7a858f3a, Mode: keep_alive, Duration: 0.010s, Invocation_count: 53
[2024-07-16 18:12:37,007][SUPER][INFO] - Invoked lambda for batch 1_1_4_d079ffd63fdd3e2d0dd3ce7f100f8639cf8455b4, Mode: keep_alive, Duration: 0.010s, Invocation_count: 54
[2024-07-16 18:12:37,018][SUPER][INFO] - Invoked lambda for batch 1_1_5_43c5bf177f6de3012f4ac50e8fb14472d11bd179, Mode: keep_alive, Duration: 0.010s, Invocation_count: 55
[2024-07-16 18:12:37,029][SUPER][INFO] - Invoked lambda for batch 1_1_6_5376e58050ed8e6b4f911b8d671bf1a9a2a62367, Mode: keep_alive, Duration: 0.010s, Invocation_count: 56
[2024-07-16 18:12:37,040][SUPER][INFO] - Invoked lambda for batch 1_1_7_959395f39c5fdb3cdd08d313de5631a2ea28b3eb, Mode: keep_alive, Duration: 0.010s, Invocation_count: 57
[2024-07-16 18:12:37,052][SUPER][INFO] - Invoked lambda for batch 1_1_8_085dc439bbb9849fe9fbcf4be4a61f2b40725652, Mode: keep_alive, Duration: 0.010s, Invocation_count: 58
[2024-07-16 18:12:37,063][SUPER][INFO] - Invoked lambda for batch 1_1_9_0dde2ee37b09da3aa0065d6d048e160a7e52b999, Mode: keep_alive, Duration: 0.010s, Invocation_count: 59
[2024-07-16 18:12:37,074][SUPER][INFO] - Invoked lambda for batch 1_1_10_557a2f83c8b832bba77e0c8bcfb43f0a030553d5, Mode: keep_alive, Duration: 0.010s, Invocation_count: 60
[2024-07-16 18:12:37,085][SUPER][INFO] - Invoked lambda for batch 1_1_11_386bdb2743ec9f3d55cdbe6a6a0c362ec352ce7e, Mode: keep_alive, Duration: 0.010s, Invocation_count: 61
[2024-07-16 18:12:37,096][SUPER][INFO] - Invoked lambda for batch 1_1_12_46a748576d1d791de9ce7bd749f09573dbcd25e2, Mode: keep_alive, Duration: 0.010s, Invocation_count: 62
[2024-07-16 18:12:37,107][SUPER][INFO] - Invoked lambda for batch 1_1_13_a0d36a48763f5fe918799012a5bedb69d276f9b6, Mode: keep_alive, Duration: 0.010s, Invocation_count: 63
[2024-07-16 18:12:37,118][SUPER][INFO] - Invoked lambda for batch 1_1_14_b4f1d25363dadc0616c3c40a3b8e822902a18b4b, Mode: keep_alive, Duration: 0.010s, Invocation_count: 64
[2024-07-16 18:12:37,130][SUPER][INFO] - Invoked lambda for batch 1_1_15_2861e7fefd38afa4cb9484244ff922f219fc8bdc, Mode: keep_alive, Duration: 0.010s, Invocation_count: 65
[2024-07-16 18:12:37,141][SUPER][INFO] - Invoked lambda for batch 1_1_16_0af398e74b3953cc4fc7818b90094bb83a30f217, Mode: keep_alive, Duration: 0.010s, Invocation_count: 66
[2024-07-16 18:12:37,152][SUPER][INFO] - Invoked lambda for batch 1_1_17_b36450aec86c9218d5838fcb78248e19f5d05b67, Mode: keep_alive, Duration: 0.010s, Invocation_count: 67
[2024-07-16 18:12:37,163][SUPER][INFO] - Invoked lambda for batch 1_1_18_a1d2d892eed9319292f6dae281f7db93f0db4995, Mode: keep_alive, Duration: 0.010s, Invocation_count: 68
[2024-07-16 18:12:37,175][SUPER][INFO] - Invoked lambda for batch 1_1_19_f6535df87bc79c3b2abccb16561b664829a0ffa5, Mode: keep_alive, Duration: 0.010s, Invocation_count: 69
[2024-07-16 18:12:37,186][SUPER][INFO] - Invoked lambda for batch 1_1_20_acba360730a3607943a7100c35528c205082225d, Mode: keep_alive, Duration: 0.010s, Invocation_count: 70
[2024-07-16 18:12:37,197][SUPER][INFO] - Invoked lambda for batch 1_1_21_0c655b8f4b0292f3c7a17607e75a0498b5973393, Mode: keep_alive, Duration: 0.010s, Invocation_count: 71
[2024-07-16 18:12:37,208][SUPER][INFO] - Invoked lambda for batch 1_1_22_f773f840086c8dd4c5d8deee2cac05f1815eb37c, Mode: keep_alive, Duration: 0.010s, Invocation_count: 72
[2024-07-16 18:12:37,220][SUPER][INFO] - Invoked lambda for batch 1_1_23_dafc7ad6c023fb6b0b5e6c2cabf891d885463092, Mode: keep_alive, Duration: 0.010s, Invocation_count: 73
[2024-07-16 18:12:37,231][SUPER][INFO] - Invoked lambda for batch 1_1_24_45f8cdf9bf0f21eea0bee66edfb7e7c21b8615d0, Mode: keep_alive, Duration: 0.010s, Invocation_count: 74
[2024-07-16 18:12:37,242][SUPER][INFO] - Invoked lambda for batch 1_1_25_262c308ab89b839ad36363bfa3c81ac547bbadd5, Mode: keep_alive, Duration: 0.010s, Invocation_count: 75
[2024-07-16 18:12:57,271][SUPER][INFO] - Invoked lambda for batch 1_1_1_6432794cc0dcc31ae4cac1ac0dcb98c3ea9d12ba, Mode: keep_alive, Duration: 0.010s, Invocation_count: 76
[2024-07-16 18:12:57,283][SUPER][INFO] - Invoked lambda for batch 1_1_2_e8a8495b1c2495baca1cbdd7b0d3f69a61fa8691, Mode: keep_alive, Duration: 0.010s, Invocation_count: 77
[2024-07-16 18:12:57,294][SUPER][INFO] - Invoked lambda for batch 1_1_3_82b8739b62aa666e7fab682e01e5713a7a858f3a, Mode: keep_alive, Duration: 0.010s, Invocation_count: 78
[2024-07-16 18:12:57,305][SUPER][INFO] - Invoked lambda for batch 1_1_4_d079ffd63fdd3e2d0dd3ce7f100f8639cf8455b4, Mode: keep_alive, Duration: 0.010s, Invocation_count: 79
[2024-07-16 18:12:57,316][SUPER][INFO] - Invoked lambda for batch 1_1_5_43c5bf177f6de3012f4ac50e8fb14472d11bd179, Mode: keep_alive, Duration: 0.010s, Invocation_count: 80
[2024-07-16 18:12:57,328][SUPER][INFO] - Invoked lambda for batch 1_1_6_5376e58050ed8e6b4f911b8d671bf1a9a2a62367, Mode: keep_alive, Duration: 0.010s, Invocation_count: 81
[2024-07-16 18:12:57,339][SUPER][INFO] - Invoked lambda for batch 1_1_7_959395f39c5fdb3cdd08d313de5631a2ea28b3eb, Mode: keep_alive, Duration: 0.010s, Invocation_count: 82
[2024-07-16 18:12:57,350][SUPER][INFO] - Invoked lambda for batch 1_1_8_085dc439bbb9849fe9fbcf4be4a61f2b40725652, Mode: keep_alive, Duration: 0.010s, Invocation_count: 83
[2024-07-16 18:12:57,362][SUPER][INFO] - Invoked lambda for batch 1_1_9_0dde2ee37b09da3aa0065d6d048e160a7e52b999, Mode: keep_alive, Duration: 0.010s, Invocation_count: 84
[2024-07-16 18:12:57,373][SUPER][INFO] - Invoked lambda for batch 1_1_10_557a2f83c8b832bba77e0c8bcfb43f0a030553d5, Mode: keep_alive, Duration: 0.010s, Invocation_count: 85
[2024-07-16 18:12:57,384][SUPER][INFO] - Invoked lambda for batch 1_1_11_386bdb2743ec9f3d55cdbe6a6a0c362ec352ce7e, Mode: keep_alive, Duration: 0.010s, Invocation_count: 86
[2024-07-16 18:12:57,396][SUPER][INFO] - Invoked lambda for batch 1_1_12_46a748576d1d791de9ce7bd749f09573dbcd25e2, Mode: keep_alive, Duration: 0.010s, Invocation_count: 87
[2024-07-16 18:12:57,407][SUPER][INFO] - Invoked lambda for batch 1_1_13_a0d36a48763f5fe918799012a5bedb69d276f9b6, Mode: keep_alive, Duration: 0.010s, Invocation_count: 88
[2024-07-16 18:12:57,418][SUPER][INFO] - Invoked lambda for batch 1_1_14_b4f1d25363dadc0616c3c40a3b8e822902a18b4b, Mode: keep_alive, Duration: 0.010s, Invocation_count: 89
[2024-07-16 18:12:57,429][SUPER][INFO] - Invoked lambda for batch 1_1_15_2861e7fefd38afa4cb9484244ff922f219fc8bdc, Mode: keep_alive, Duration: 0.010s, Invocation_count: 90
[2024-07-16 18:12:57,440][SUPER][INFO] - Invoked lambda for batch 1_1_16_0af398e74b3953cc4fc7818b90094bb83a30f217, Mode: keep_alive, Duration: 0.010s, Invocation_count: 91
[2024-07-16 18:12:57,452][SUPER][INFO] - Invoked lambda for batch 1_1_17_b36450aec86c9218d5838fcb78248e19f5d05b67, Mode: keep_alive, Duration: 0.010s, Invocation_count: 92
[2024-07-16 18:12:57,463][SUPER][INFO] - Invoked lambda for batch 1_1_18_a1d2d892eed9319292f6dae281f7db93f0db4995, Mode: keep_alive, Duration: 0.010s, Invocation_count: 93
[2024-07-16 18:12:57,474][SUPER][INFO] - Invoked lambda for batch 1_1_19_f6535df87bc79c3b2abccb16561b664829a0ffa5, Mode: keep_alive, Duration: 0.010s, Invocation_count: 94
[2024-07-16 18:12:57,486][SUPER][INFO] - Invoked lambda for batch 1_1_20_acba360730a3607943a7100c35528c205082225d, Mode: keep_alive, Duration: 0.010s, Invocation_count: 95
[2024-07-16 18:12:57,497][SUPER][INFO] - Invoked lambda for batch 1_1_21_0c655b8f4b0292f3c7a17607e75a0498b5973393, Mode: keep_alive, Duration: 0.010s, Invocation_count: 96
[2024-07-16 18:12:57,508][SUPER][INFO] - Invoked lambda for batch 1_1_22_f773f840086c8dd4c5d8deee2cac05f1815eb37c, Mode: keep_alive, Duration: 0.010s, Invocation_count: 97
[2024-07-16 18:12:57,520][SUPER][INFO] - Invoked lambda for batch 1_1_23_dafc7ad6c023fb6b0b5e6c2cabf891d885463092, Mode: keep_alive, Duration: 0.010s, Invocation_count: 98
[2024-07-16 18:12:57,531][SUPER][INFO] - Invoked lambda for batch 1_1_24_45f8cdf9bf0f21eea0bee66edfb7e7c21b8615d0, Mode: keep_alive, Duration: 0.010s, Invocation_count: 99
[2024-07-16 18:12:57,542][SUPER][INFO] - Invoked lambda for batch 1_1_25_262c308ab89b839ad36363bfa3c81ac547bbadd5, Mode: keep_alive, Duration: 0.010s, Invocation_count: 100
[2024-07-16 18:13:17,567][SUPER][INFO] - Invoked lambda for batch 1_1_1_6432794cc0dcc31ae4cac1ac0dcb98c3ea9d12ba, Mode: keep_alive, Duration: 0.010s, Invocation_count: 101
[2024-07-16 18:13:17,579][SUPER][INFO] - Invoked lambda for batch 1_1_2_e8a8495b1c2495baca1cbdd7b0d3f69a61fa8691, Mode: keep_alive, Duration: 0.010s, Invocation_count: 102
[2024-07-16 18:13:17,591][SUPER][INFO] - Invoked lambda for batch 1_1_3_82b8739b62aa666e7fab682e01e5713a7a858f3a, Mode: keep_alive, Duration: 0.010s, Invocation_count: 103
[2024-07-16 18:13:17,602][SUPER][INFO] - Invoked lambda for batch 1_1_4_d079ffd63fdd3e2d0dd3ce7f100f8639cf8455b4, Mode: keep_alive, Duration: 0.010s, Invocation_count: 104
[2024-07-16 18:13:17,613][SUPER][INFO] - Invoked lambda for batch 1_1_5_43c5bf177f6de3012f4ac50e8fb14472d11bd179, Mode: keep_alive, Duration: 0.010s, Invocation_count: 105
[2024-07-16 18:13:17,624][SUPER][INFO] - Invoked lambda for batch 1_1_6_5376e58050ed8e6b4f911b8d671bf1a9a2a62367, Mode: keep_alive, Duration: 0.010s, Invocation_count: 106
[2024-07-16 18:13:17,635][SUPER][INFO] - Invoked lambda for batch 1_1_7_959395f39c5fdb3cdd08d313de5631a2ea28b3eb, Mode: keep_alive, Duration: 0.010s, Invocation_count: 107
[2024-07-16 18:13:17,647][SUPER][INFO] - Invoked lambda for batch 1_1_8_085dc439bbb9849fe9fbcf4be4a61f2b40725652, Mode: keep_alive, Duration: 0.010s, Invocation_count: 108
[2024-07-16 18:13:17,658][SUPER][INFO] - Invoked lambda for batch 1_1_9_0dde2ee37b09da3aa0065d6d048e160a7e52b999, Mode: keep_alive, Duration: 0.010s, Invocation_count: 109
[2024-07-16 18:13:17,669][SUPER][INFO] - Invoked lambda for batch 1_1_10_557a2f83c8b832bba77e0c8bcfb43f0a030553d5, Mode: keep_alive, Duration: 0.010s, Invocation_count: 110
[2024-07-16 18:13:17,680][SUPER][INFO] - Invoked lambda for batch 1_1_11_386bdb2743ec9f3d55cdbe6a6a0c362ec352ce7e, Mode: keep_alive, Duration: 0.010s, Invocation_count: 111
[2024-07-16 18:13:17,691][SUPER][INFO] - Invoked lambda for batch 1_1_12_46a748576d1d791de9ce7bd749f09573dbcd25e2, Mode: keep_alive, Duration: 0.010s, Invocation_count: 112
[2024-07-16 18:13:17,702][SUPER][INFO] - Invoked lambda for batch 1_1_13_a0d36a48763f5fe918799012a5bedb69d276f9b6, Mode: keep_alive, Duration: 0.010s, Invocation_count: 113
[2024-07-16 18:13:17,713][SUPER][INFO] - Invoked lambda for batch 1_1_14_b4f1d25363dadc0616c3c40a3b8e822902a18b4b, Mode: keep_alive, Duration: 0.010s, Invocation_count: 114
[2024-07-16 18:13:17,724][SUPER][INFO] - Invoked lambda for batch 1_1_15_2861e7fefd38afa4cb9484244ff922f219fc8bdc, Mode: keep_alive, Duration: 0.010s, Invocation_count: 115
[2024-07-16 18:13:17,735][SUPER][INFO] - Invoked lambda for batch 1_1_16_0af398e74b3953cc4fc7818b90094bb83a30f217, Mode: keep_alive, Duration: 0.010s, Invocation_count: 116
[2024-07-16 18:13:17,746][SUPER][INFO] - Invoked lambda for batch 1_1_17_b36450aec86c9218d5838fcb78248e19f5d05b67, Mode: keep_alive, Duration: 0.010s, Invocation_count: 117
[2024-07-16 18:13:17,757][SUPER][INFO] - Invoked lambda for batch 1_1_18_a1d2d892eed9319292f6dae281f7db93f0db4995, Mode: keep_alive, Duration: 0.010s, Invocation_count: 118
[2024-07-16 18:13:17,769][SUPER][INFO] - Invoked lambda for batch 1_1_19_f6535df87bc79c3b2abccb16561b664829a0ffa5, Mode: keep_alive, Duration: 0.010s, Invocation_count: 119
[2024-07-16 18:13:17,780][SUPER][INFO] - Invoked lambda for batch 1_1_20_acba360730a3607943a7100c35528c205082225d, Mode: keep_alive, Duration: 0.010s, Invocation_count: 120
[2024-07-16 18:13:17,791][SUPER][INFO] - Invoked lambda for batch 1_1_21_0c655b8f4b0292f3c7a17607e75a0498b5973393, Mode: keep_alive, Duration: 0.010s, Invocation_count: 121
[2024-07-16 18:13:17,802][SUPER][INFO] - Invoked lambda for batch 1_1_22_f773f840086c8dd4c5d8deee2cac05f1815eb37c, Mode: keep_alive, Duration: 0.010s, Invocation_count: 122
[2024-07-16 18:13:17,814][SUPER][INFO] - Invoked lambda for batch 1_1_23_dafc7ad6c023fb6b0b5e6c2cabf891d885463092, Mode: keep_alive, Duration: 0.010s, Invocation_count: 123
[2024-07-16 18:13:17,825][SUPER][INFO] - Invoked lambda for batch 1_1_24_45f8cdf9bf0f21eea0bee66edfb7e7c21b8615d0, Mode: keep_alive, Duration: 0.010s, Invocation_count: 124
[2024-07-16 18:13:17,836][SUPER][INFO] - Invoked lambda for batch 1_1_25_262c308ab89b839ad36363bfa3c81ac547bbadd5, Mode: keep_alive, Duration: 0.010s, Invocation_count: 125
[2024-07-16 18:13:37,868][SUPER][INFO] - Invoked lambda for batch 1_1_1_6432794cc0dcc31ae4cac1ac0dcb98c3ea9d12ba, Mode: keep_alive, Duration: 0.010s, Invocation_count: 126
[2024-07-16 18:13:37,881][SUPER][INFO] - Invoked lambda for batch 1_1_2_e8a8495b1c2495baca1cbdd7b0d3f69a61fa8691, Mode: keep_alive, Duration: 0.010s, Invocation_count: 127
[2024-07-16 18:13:37,892][SUPER][INFO] - Invoked lambda for batch 1_1_3_82b8739b62aa666e7fab682e01e5713a7a858f3a, Mode: keep_alive, Duration: 0.010s, Invocation_count: 128
[2024-07-16 18:13:37,904][SUPER][INFO] - Invoked lambda for batch 1_1_4_d079ffd63fdd3e2d0dd3ce7f100f8639cf8455b4, Mode: keep_alive, Duration: 0.010s, Invocation_count: 129
[2024-07-16 18:13:37,927][SUPER][INFO] - Invoked lambda for batch 1_1_5_43c5bf177f6de3012f4ac50e8fb14472d11bd179, Mode: keep_alive, Duration: 0.010s, Invocation_count: 130
[2024-07-16 18:13:37,938][SUPER][INFO] - Invoked lambda for batch 1_1_6_5376e58050ed8e6b4f911b8d671bf1a9a2a62367, Mode: keep_alive, Duration: 0.010s, Invocation_count: 131
[2024-07-16 18:13:37,949][SUPER][INFO] - Invoked lambda for batch 1_1_7_959395f39c5fdb3cdd08d313de5631a2ea28b3eb, Mode: keep_alive, Duration: 0.010s, Invocation_count: 132
[2024-07-16 18:13:37,960][SUPER][INFO] - Invoked lambda for batch 1_1_8_085dc439bbb9849fe9fbcf4be4a61f2b40725652, Mode: keep_alive, Duration: 0.010s, Invocation_count: 133
[2024-07-16 18:13:37,971][SUPER][INFO] - Invoked lambda for batch 1_1_9_0dde2ee37b09da3aa0065d6d048e160a7e52b999, Mode: keep_alive, Duration: 0.010s, Invocation_count: 134
[2024-07-16 18:13:37,983][SUPER][INFO] - Invoked lambda for batch 1_1_10_557a2f83c8b832bba77e0c8bcfb43f0a030553d5, Mode: keep_alive, Duration: 0.010s, Invocation_count: 135
[2024-07-16 18:13:37,994][SUPER][INFO] - Invoked lambda for batch 1_1_11_386bdb2743ec9f3d55cdbe6a6a0c362ec352ce7e, Mode: keep_alive, Duration: 0.010s, Invocation_count: 136
[2024-07-16 18:13:38,005][SUPER][INFO] - Invoked lambda for batch 1_1_12_46a748576d1d791de9ce7bd749f09573dbcd25e2, Mode: keep_alive, Duration: 0.010s, Invocation_count: 137
[2024-07-16 18:13:38,016][SUPER][INFO] - Invoked lambda for batch 1_1_13_a0d36a48763f5fe918799012a5bedb69d276f9b6, Mode: keep_alive, Duration: 0.010s, Invocation_count: 138
[2024-07-16 18:13:38,028][SUPER][INFO] - Invoked lambda for batch 1_1_14_b4f1d25363dadc0616c3c40a3b8e822902a18b4b, Mode: keep_alive, Duration: 0.010s, Invocation_count: 139
[2024-07-16 18:13:38,039][SUPER][INFO] - Invoked lambda for batch 1_1_15_2861e7fefd38afa4cb9484244ff922f219fc8bdc, Mode: keep_alive, Duration: 0.010s, Invocation_count: 140
[2024-07-16 18:13:38,050][SUPER][INFO] - Invoked lambda for batch 1_1_16_0af398e74b3953cc4fc7818b90094bb83a30f217, Mode: keep_alive, Duration: 0.010s, Invocation_count: 141
[2024-07-16 18:13:38,062][SUPER][INFO] - Invoked lambda for batch 1_1_17_b36450aec86c9218d5838fcb78248e19f5d05b67, Mode: keep_alive, Duration: 0.010s, Invocation_count: 142
[2024-07-16 18:13:38,073][SUPER][INFO] - Invoked lambda for batch 1_1_18_a1d2d892eed9319292f6dae281f7db93f0db4995, Mode: keep_alive, Duration: 0.010s, Invocation_count: 143
[2024-07-16 18:13:38,084][SUPER][INFO] - Invoked lambda for batch 1_1_19_f6535df87bc79c3b2abccb16561b664829a0ffa5, Mode: keep_alive, Duration: 0.010s, Invocation_count: 144
[2024-07-16 18:13:38,095][SUPER][INFO] - Invoked lambda for batch 1_1_20_acba360730a3607943a7100c35528c205082225d, Mode: keep_alive, Duration: 0.010s, Invocation_count: 145
[2024-07-16 18:13:38,106][SUPER][INFO] - Invoked lambda for batch 1_1_21_0c655b8f4b0292f3c7a17607e75a0498b5973393, Mode: keep_alive, Duration: 0.010s, Invocation_count: 146
[2024-07-16 18:13:38,117][SUPER][INFO] - Invoked lambda for batch 1_1_22_f773f840086c8dd4c5d8deee2cac05f1815eb37c, Mode: keep_alive, Duration: 0.010s, Invocation_count: 147
[2024-07-16 18:13:38,129][SUPER][INFO] - Invoked lambda for batch 1_1_23_dafc7ad6c023fb6b0b5e6c2cabf891d885463092, Mode: keep_alive, Duration: 0.010s, Invocation_count: 148
[2024-07-16 18:13:38,140][SUPER][INFO] - Invoked lambda for batch 1_1_24_45f8cdf9bf0f21eea0bee66edfb7e7c21b8615d0, Mode: keep_alive, Duration: 0.010s, Invocation_count: 149
[2024-07-16 18:13:38,151][SUPER][INFO] - Invoked lambda for batch 1_1_25_262c308ab89b839ad36363bfa3c81ac547bbadd5, Mode: keep_alive, Duration: 0.010s, Invocation_count: 150
[2024-07-16 18:13:58,181][SUPER][INFO] - Invoked lambda for batch 1_1_1_6432794cc0dcc31ae4cac1ac0dcb98c3ea9d12ba, Mode: keep_alive, Duration: 0.010s, Invocation_count: 151
[2024-07-16 18:13:58,192][SUPER][INFO] - Invoked lambda for batch 1_1_2_e8a8495b1c2495baca1cbdd7b0d3f69a61fa8691, Mode: keep_alive, Duration: 0.010s, Invocation_count: 152
[2024-07-16 18:13:58,204][SUPER][INFO] - Invoked lambda for batch 1_1_3_82b8739b62aa666e7fab682e01e5713a7a858f3a, Mode: keep_alive, Duration: 0.010s, Invocation_count: 153
[2024-07-16 18:13:58,215][SUPER][INFO] - Invoked lambda for batch 1_1_4_d079ffd63fdd3e2d0dd3ce7f100f8639cf8455b4, Mode: keep_alive, Duration: 0.010s, Invocation_count: 154
[2024-07-16 18:13:58,225][SUPER][INFO] - Invoked lambda for batch 1_1_5_43c5bf177f6de3012f4ac50e8fb14472d11bd179, Mode: keep_alive, Duration: 0.010s, Invocation_count: 155
[2024-07-16 18:13:58,237][SUPER][INFO] - Invoked lambda for batch 1_1_6_5376e58050ed8e6b4f911b8d671bf1a9a2a62367, Mode: keep_alive, Duration: 0.010s, Invocation_count: 156
[2024-07-16 18:13:58,248][SUPER][INFO] - Invoked lambda for batch 1_1_7_959395f39c5fdb3cdd08d313de5631a2ea28b3eb, Mode: keep_alive, Duration: 0.010s, Invocation_count: 157
[2024-07-16 18:13:58,259][SUPER][INFO] - Invoked lambda for batch 1_1_8_085dc439bbb9849fe9fbcf4be4a61f2b40725652, Mode: keep_alive, Duration: 0.010s, Invocation_count: 158
[2024-07-16 18:13:58,270][SUPER][INFO] - Invoked lambda for batch 1_1_9_0dde2ee37b09da3aa0065d6d048e160a7e52b999, Mode: keep_alive, Duration: 0.010s, Invocation_count: 159
[2024-07-16 18:13:58,281][SUPER][INFO] - Invoked lambda for batch 1_1_10_557a2f83c8b832bba77e0c8bcfb43f0a030553d5, Mode: keep_alive, Duration: 0.010s, Invocation_count: 160
[2024-07-16 18:13:58,292][SUPER][INFO] - Invoked lambda for batch 1_1_11_386bdb2743ec9f3d55cdbe6a6a0c362ec352ce7e, Mode: keep_alive, Duration: 0.010s, Invocation_count: 161
[2024-07-16 18:13:58,303][SUPER][INFO] - Invoked lambda for batch 1_1_12_46a748576d1d791de9ce7bd749f09573dbcd25e2, Mode: keep_alive, Duration: 0.010s, Invocation_count: 162
[2024-07-16 18:13:58,314][SUPER][INFO] - Invoked lambda for batch 1_1_13_a0d36a48763f5fe918799012a5bedb69d276f9b6, Mode: keep_alive, Duration: 0.010s, Invocation_count: 163
[2024-07-16 18:13:58,326][SUPER][INFO] - Invoked lambda for batch 1_1_14_b4f1d25363dadc0616c3c40a3b8e822902a18b4b, Mode: keep_alive, Duration: 0.010s, Invocation_count: 164
[2024-07-16 18:13:58,337][SUPER][INFO] - Invoked lambda for batch 1_1_15_2861e7fefd38afa4cb9484244ff922f219fc8bdc, Mode: keep_alive, Duration: 0.010s, Invocation_count: 165
[2024-07-16 18:13:58,348][SUPER][INFO] - Invoked lambda for batch 1_1_16_0af398e74b3953cc4fc7818b90094bb83a30f217, Mode: keep_alive, Duration: 0.010s, Invocation_count: 166
[2024-07-16 18:13:58,359][SUPER][INFO] - Invoked lambda for batch 1_1_17_b36450aec86c9218d5838fcb78248e19f5d05b67, Mode: keep_alive, Duration: 0.010s, Invocation_count: 167
[2024-07-16 18:13:58,370][SUPER][INFO] - Invoked lambda for batch 1_1_18_a1d2d892eed9319292f6dae281f7db93f0db4995, Mode: keep_alive, Duration: 0.010s, Invocation_count: 168
[2024-07-16 18:13:58,381][SUPER][INFO] - Invoked lambda for batch 1_1_19_f6535df87bc79c3b2abccb16561b664829a0ffa5, Mode: keep_alive, Duration: 0.010s, Invocation_count: 169
[2024-07-16 18:13:58,392][SUPER][INFO] - Invoked lambda for batch 1_1_20_acba360730a3607943a7100c35528c205082225d, Mode: keep_alive, Duration: 0.010s, Invocation_count: 170
[2024-07-16 18:13:58,404][SUPER][INFO] - Invoked lambda for batch 1_1_21_0c655b8f4b0292f3c7a17607e75a0498b5973393, Mode: keep_alive, Duration: 0.010s, Invocation_count: 171
[2024-07-16 18:13:58,415][SUPER][INFO] - Invoked lambda for batch 1_1_22_f773f840086c8dd4c5d8deee2cac05f1815eb37c, Mode: keep_alive, Duration: 0.010s, Invocation_count: 172
[2024-07-16 18:13:58,426][SUPER][INFO] - Invoked lambda for batch 1_1_23_dafc7ad6c023fb6b0b5e6c2cabf891d885463092, Mode: keep_alive, Duration: 0.010s, Invocation_count: 173
[2024-07-16 18:13:58,437][SUPER][INFO] - Invoked lambda for batch 1_1_24_45f8cdf9bf0f21eea0bee66edfb7e7c21b8615d0, Mode: keep_alive, Duration: 0.010s, Invocation_count: 174
[2024-07-16 18:13:58,448][SUPER][INFO] - Invoked lambda for batch 1_1_25_262c308ab89b839ad36363bfa3c81ac547bbadd5, Mode: keep_alive, Duration: 0.010s, Invocation_count: 175
[2024-07-16 18:14:18,479][SUPER][INFO] - Invoked lambda for batch 1_1_1_6432794cc0dcc31ae4cac1ac0dcb98c3ea9d12ba, Mode: keep_alive, Duration: 0.010s, Invocation_count: 176
[2024-07-16 18:14:18,491][SUPER][INFO] - Invoked lambda for batch 1_1_2_e8a8495b1c2495baca1cbdd7b0d3f69a61fa8691, Mode: keep_alive, Duration: 0.010s, Invocation_count: 177
[2024-07-16 18:14:18,502][SUPER][INFO] - Invoked lambda for batch 1_1_3_82b8739b62aa666e7fab682e01e5713a7a858f3a, Mode: keep_alive, Duration: 0.010s, Invocation_count: 178
[2024-07-16 18:14:18,513][SUPER][INFO] - Invoked lambda for batch 1_1_4_d079ffd63fdd3e2d0dd3ce7f100f8639cf8455b4, Mode: keep_alive, Duration: 0.010s, Invocation_count: 179
[2024-07-16 18:14:18,524][SUPER][INFO] - Invoked lambda for batch 1_1_5_43c5bf177f6de3012f4ac50e8fb14472d11bd179, Mode: keep_alive, Duration: 0.010s, Invocation_count: 180
[2024-07-16 18:14:18,535][SUPER][INFO] - Invoked lambda for batch 1_1_6_5376e58050ed8e6b4f911b8d671bf1a9a2a62367, Mode: keep_alive, Duration: 0.010s, Invocation_count: 181
[2024-07-16 18:14:18,546][SUPER][INFO] - Invoked lambda for batch 1_1_7_959395f39c5fdb3cdd08d313de5631a2ea28b3eb, Mode: keep_alive, Duration: 0.010s, Invocation_count: 182
[2024-07-16 18:14:18,557][SUPER][INFO] - Invoked lambda for batch 1_1_8_085dc439bbb9849fe9fbcf4be4a61f2b40725652, Mode: keep_alive, Duration: 0.010s, Invocation_count: 183
[2024-07-16 18:14:18,568][SUPER][INFO] - Invoked lambda for batch 1_1_9_0dde2ee37b09da3aa0065d6d048e160a7e52b999, Mode: keep_alive, Duration: 0.010s, Invocation_count: 184
[2024-07-16 18:14:18,579][SUPER][INFO] - Invoked lambda for batch 1_1_10_557a2f83c8b832bba77e0c8bcfb43f0a030553d5, Mode: keep_alive, Duration: 0.010s, Invocation_count: 185
[2024-07-16 18:14:18,590][SUPER][INFO] - Invoked lambda for batch 1_1_11_386bdb2743ec9f3d55cdbe6a6a0c362ec352ce7e, Mode: keep_alive, Duration: 0.010s, Invocation_count: 186
[2024-07-16 18:14:18,601][SUPER][INFO] - Invoked lambda for batch 1_1_12_46a748576d1d791de9ce7bd749f09573dbcd25e2, Mode: keep_alive, Duration: 0.010s, Invocation_count: 187
[2024-07-16 18:14:18,612][SUPER][INFO] - Invoked lambda for batch 1_1_13_a0d36a48763f5fe918799012a5bedb69d276f9b6, Mode: keep_alive, Duration: 0.010s, Invocation_count: 188
[2024-07-16 18:14:18,623][SUPER][INFO] - Invoked lambda for batch 1_1_14_b4f1d25363dadc0616c3c40a3b8e822902a18b4b, Mode: keep_alive, Duration: 0.010s, Invocation_count: 189
[2024-07-16 18:14:18,635][SUPER][INFO] - Invoked lambda for batch 1_1_15_2861e7fefd38afa4cb9484244ff922f219fc8bdc, Mode: keep_alive, Duration: 0.010s, Invocation_count: 190
[2024-07-16 18:14:18,646][SUPER][INFO] - Invoked lambda for batch 1_1_16_0af398e74b3953cc4fc7818b90094bb83a30f217, Mode: keep_alive, Duration: 0.010s, Invocation_count: 191
[2024-07-16 18:14:18,657][SUPER][INFO] - Invoked lambda for batch 1_1_17_b36450aec86c9218d5838fcb78248e19f5d05b67, Mode: keep_alive, Duration: 0.010s, Invocation_count: 192
[2024-07-16 18:14:18,668][SUPER][INFO] - Invoked lambda for batch 1_1_18_a1d2d892eed9319292f6dae281f7db93f0db4995, Mode: keep_alive, Duration: 0.010s, Invocation_count: 193
[2024-07-16 18:14:18,679][SUPER][INFO] - Invoked lambda for batch 1_1_19_f6535df87bc79c3b2abccb16561b664829a0ffa5, Mode: keep_alive, Duration: 0.010s, Invocation_count: 194
[2024-07-16 18:14:18,690][SUPER][INFO] - Invoked lambda for batch 1_1_20_acba360730a3607943a7100c35528c205082225d, Mode: keep_alive, Duration: 0.010s, Invocation_count: 195
[2024-07-16 18:14:18,701][SUPER][INFO] - Invoked lambda for batch 1_1_21_0c655b8f4b0292f3c7a17607e75a0498b5973393, Mode: keep_alive, Duration: 0.010s, Invocation_count: 196
[2024-07-16 18:14:18,712][SUPER][INFO] - Invoked lambda for batch 1_1_22_f773f840086c8dd4c5d8deee2cac05f1815eb37c, Mode: keep_alive, Duration: 0.010s, Invocation_count: 197
[2024-07-16 18:14:18,724][SUPER][INFO] - Invoked lambda for batch 1_1_23_dafc7ad6c023fb6b0b5e6c2cabf891d885463092, Mode: keep_alive, Duration: 0.010s, Invocation_count: 198
[2024-07-16 18:14:18,735][SUPER][INFO] - Invoked lambda for batch 1_1_24_45f8cdf9bf0f21eea0bee66edfb7e7c21b8615d0, Mode: keep_alive, Duration: 0.010s, Invocation_count: 199
[2024-07-16 18:14:18,746][SUPER][INFO] - Invoked lambda for batch 1_1_25_262c308ab89b839ad36363bfa3c81ac547bbadd5, Mode: keep_alive, Duration: 0.010s, Invocation_count: 200
